<?xml version="1.0" encoding="UTF-8"?>
<testsuite name="org.kryanbeane.coachr.console.models.ClientMemStoreTest" tests="13" skipped="0" failures="0" errors="0" timestamp="2022-10-11T16:52:53" hostname="fedora" time="20.853">
  <properties/>
  <testcase name="findExercise()" classname="org.kryanbeane.coachr.console.models.ClientMemStoreTest" time="0.456"/>
  <testcase name="findWorkout()" classname="org.kryanbeane.coachr.console.models.ClientMemStoreTest" time="0.41"/>
  <testcase name="updateExercise()" classname="org.kryanbeane.coachr.console.models.ClientMemStoreTest" time="0.27"/>
  <testcase name="createExercise()" classname="org.kryanbeane.coachr.console.models.ClientMemStoreTest" time="0.207"/>
  <testcase name="deleteClient()" classname="org.kryanbeane.coachr.console.models.ClientMemStoreTest" time="0.192"/>
  <testcase name="findAll()" classname="org.kryanbeane.coachr.console.models.ClientMemStoreTest" time="0.179"/>
  <testcase name="createClientWorkout()" classname="org.kryanbeane.coachr.console.models.ClientMemStoreTest" time="0.172"/>
  <testcase name="findClient()" classname="org.kryanbeane.coachr.console.models.ClientMemStoreTest" time="0.159"/>
  <testcase name="deleteExercise()" classname="org.kryanbeane.coachr.console.models.ClientMemStoreTest" time="0.149"/>
  <testcase name="updateWorkoutDetails()" classname="org.kryanbeane.coachr.console.models.ClientMemStoreTest" time="0.131"/>
  <testcase name="createClient()" classname="org.kryanbeane.coachr.console.models.ClientMemStoreTest" time="0.118"/>
  <testcase name="deleteWorkout()" classname="org.kryanbeane.coachr.console.models.ClientMemStoreTest" time="0.163"/>
  <testcase name="updateClientDetails()" classname="org.kryanbeane.coachr.console.models.ClientMemStoreTest" time="0.155"/>
  <system-out><![CDATA[










Coachr App v1.1.0











Coachr App v1.1.0











Coachr App v1.1.0











Coachr App v1.1.0











Coachr App v1.1.0











Coachr App v1.1.0











Coachr App v1.1.0











Coachr App v1.1.0











Coachr App v1.1.0











Coachr App v1.1.0











Coachr App v1.1.0











Coachr App v1.1.0











Coachr App v1.1.0
]]></system-out>
  <system-err><![CDATA[[cluster-ClusterId{value='63459f633c3ae56f43bcac38', description='null'}-srv-coachr-client-db.blxcxzn.mongodb.net] INFO org.mongodb.driver.cluster - Adding discovered server ac-5bfewms-shard-00-02.blxcxzn.mongodb.net:27017 to client view of cluster
[Test worker] INFO org.mongodb.driver.client - MongoClient with metadata {"driver": {"name": "mongo-java-driver|sync|kmongo", "version": "4.7.1"}, "os": {"type": "Linux", "name": "Linux", "architecture": "amd64", "version": "5.19.13-200.fc36.x86_64"}, "platform": "Java/Amazon.com Inc./16.0.2+7|Kotlin/1.7.10"} created with settings MongoClientSettings{readPreference=primary, writeConcern=WriteConcern{w=null, wTimeout=null ms, journal=null}, retryWrites=true, retryReads=true, readConcern=ReadConcern{level=null}, credential=MongoCredential{mechanism=null, userName='bryan', source='admin', password=<hidden>, mechanismProperties=<hidden>}, streamFactoryFactory=null, commandListeners=[], codecRegistry=ProvidersCodecRegistry{codecProviders=[OverridableUuidRepresentationCodecRegistry{wrapped=ProvidersCodecRegistry{codecProviders=[ValueCodecProvider{}, BsonValueCodecProvider{}, DBRefCodecProvider{}, DBObjectCodecProvider{}, DocumentCodecProvider{}, IterableCodecProvider{}, MapCodecProvider{}, GeoJsonCodecProvider{}, GridFSFileCodecProvider{}, Jsr310CodecProvider{}, JsonObjectCodecProvider{}, BsonCodecProvider{}]}, uuidRepresentation=UNSPECIFIED}, org.litote.kmongo.service.CustomCodecProvider@cc239ba, ProvidersCodecRegistry{codecProviders=[org.litote.kmongo.jackson.JacksonCodecProvider@7d37f1c]}]}, clusterSettings={hosts=[127.0.0.1:27017], srvHost=coachr-client-db.blxcxzn.mongodb.net, srvServiceName=mongodb, mode=MULTIPLE, requiredClusterType=REPLICA_SET, requiredReplicaSetName='atlas-6hdzur-shard-0', serverSelector='null', clusterListeners='[]', serverSelectionTimeout='30000 ms', localThreshold='30000 ms'}, socketSettings=SocketSettings{connectTimeoutMS=10000, readTimeoutMS=0, receiveBufferSize=0, sendBufferSize=0}, heartbeatSocketSettings=SocketSettings{connectTimeoutMS=10000, readTimeoutMS=10000, receiveBufferSize=0, sendBufferSize=0}, connectionPoolSettings=ConnectionPoolSettings{maxSize=100, minSize=0, maxWaitTimeMS=120000, maxConnectionLifeTimeMS=0, maxConnectionIdleTimeMS=0, maintenanceInitialDelayMS=0, maintenanceFrequencyMS=60000, connectionPoolListeners=[], maxConnecting=2}, serverSettings=ServerSettings{heartbeatFrequencyMS=10000, minHeartbeatFrequencyMS=500, serverListeners='[]', serverMonitorListeners='[]'}, sslSettings=SslSettings{enabled=true, invalidHostNameAllowed=false, context=null}, applicationName='null', compressorList=[], uuidRepresentation=UNSPECIFIED, serverApi=null, autoEncryptionSettings=null, contextProvider=null}
[cluster-ClusterId{value='63459f633c3ae56f43bcac38', description='null'}-srv-coachr-client-db.blxcxzn.mongodb.net] INFO org.mongodb.driver.cluster - Adding discovered server ac-5bfewms-shard-00-01.blxcxzn.mongodb.net:27017 to client view of cluster
[cluster-ClusterId{value='63459f633c3ae56f43bcac38', description='null'}-srv-coachr-client-db.blxcxzn.mongodb.net] INFO org.mongodb.driver.cluster - Adding discovered server ac-5bfewms-shard-00-00.blxcxzn.mongodb.net:27017 to client view of cluster
[cluster-ClusterId{value='63459f633c3ae56f43bcac38', description='null'}-ac-5bfewms-shard-00-01.blxcxzn.mongodb.net:27017] INFO org.mongodb.driver.connection - Opened connection [connectionId{localValue:6, serverValue:163336}] to ac-5bfewms-shard-00-01.blxcxzn.mongodb.net:27017
[cluster-rtt-ClusterId{value='63459f633c3ae56f43bcac38', description='null'}-ac-5bfewms-shard-00-00.blxcxzn.mongodb.net:27017] INFO org.mongodb.driver.connection - Opened connection [connectionId{localValue:2, serverValue:163455}] to ac-5bfewms-shard-00-00.blxcxzn.mongodb.net:27017
[cluster-ClusterId{value='63459f633c3ae56f43bcac38', description='null'}-ac-5bfewms-shard-00-00.blxcxzn.mongodb.net:27017] INFO org.mongodb.driver.connection - Opened connection [connectionId{localValue:4, serverValue:163456}] to ac-5bfewms-shard-00-00.blxcxzn.mongodb.net:27017
[cluster-ClusterId{value='63459f633c3ae56f43bcac38', description='null'}-ac-5bfewms-shard-00-02.blxcxzn.mongodb.net:27017] INFO org.mongodb.driver.connection - Opened connection [connectionId{localValue:1, serverValue:164276}] to ac-5bfewms-shard-00-02.blxcxzn.mongodb.net:27017
[cluster-rtt-ClusterId{value='63459f633c3ae56f43bcac38', description='null'}-ac-5bfewms-shard-00-01.blxcxzn.mongodb.net:27017] INFO org.mongodb.driver.connection - Opened connection [connectionId{localValue:5, serverValue:163336}] to ac-5bfewms-shard-00-01.blxcxzn.mongodb.net:27017
[cluster-rtt-ClusterId{value='63459f633c3ae56f43bcac38', description='null'}-ac-5bfewms-shard-00-02.blxcxzn.mongodb.net:27017] INFO org.mongodb.driver.connection - Opened connection [connectionId{localValue:3, serverValue:164276}] to ac-5bfewms-shard-00-02.blxcxzn.mongodb.net:27017
[cluster-ClusterId{value='63459f633c3ae56f43bcac38', description='null'}-ac-5bfewms-shard-00-01.blxcxzn.mongodb.net:27017] INFO org.mongodb.driver.cluster - Monitor thread successfully connected to server with description ServerDescription{address=ac-5bfewms-shard-00-01.blxcxzn.mongodb.net:27017, type=REPLICA_SET_SECONDARY, state=CONNECTED, ok=true, minWireVersion=0, maxWireVersion=13, maxDocumentSize=16777216, logicalSessionTimeoutMinutes=30, roundTripTimeNanos=179416922, setName='atlas-6hdzur-shard-0', canonicalAddress=ac-5bfewms-shard-00-01.blxcxzn.mongodb.net:27017, hosts=[ac-5bfewms-shard-00-00.blxcxzn.mongodb.net:27017, ac-5bfewms-shard-00-01.blxcxzn.mongodb.net:27017, ac-5bfewms-shard-00-02.blxcxzn.mongodb.net:27017], passives=[], arbiters=[], primary='ac-5bfewms-shard-00-02.blxcxzn.mongodb.net:27017', tagSet=TagSet{[Tag{name='nodeType', value='ELECTABLE'}, Tag{name='provider', value='AWS'}, Tag{name='region', value='EU_WEST_1'}, Tag{name='workloadType', value='OPERATIONAL'}]}, electionId=null, setVersion=7, topologyVersion=TopologyVersion{processId=633c3565365488d3ed6b008e, counter=3}, lastWriteDate=Tue Oct 11 17:52:51 IST 2022, lastUpdateTimeNanos=111008953774621}
[cluster-ClusterId{value='63459f633c3ae56f43bcac38', description='null'}-ac-5bfewms-shard-00-02.blxcxzn.mongodb.net:27017] INFO org.mongodb.driver.cluster - Monitor thread successfully connected to server with description ServerDescription{address=ac-5bfewms-shard-00-02.blxcxzn.mongodb.net:27017, type=REPLICA_SET_PRIMARY, state=CONNECTED, ok=true, minWireVersion=0, maxWireVersion=13, maxDocumentSize=16777216, logicalSessionTimeoutMinutes=30, roundTripTimeNanos=179455325, setName='atlas-6hdzur-shard-0', canonicalAddress=ac-5bfewms-shard-00-02.blxcxzn.mongodb.net:27017, hosts=[ac-5bfewms-shard-00-00.blxcxzn.mongodb.net:27017, ac-5bfewms-shard-00-01.blxcxzn.mongodb.net:27017, ac-5bfewms-shard-00-02.blxcxzn.mongodb.net:27017], passives=[], arbiters=[], primary='ac-5bfewms-shard-00-02.blxcxzn.mongodb.net:27017', tagSet=TagSet{[Tag{name='nodeType', value='ELECTABLE'}, Tag{name='provider', value='AWS'}, Tag{name='region', value='EU_WEST_1'}, Tag{name='workloadType', value='OPERATIONAL'}]}, electionId=7fffffff0000000000000056, setVersion=7, topologyVersion=TopologyVersion{processId=633c35123507a642fa1fa1a2, counter=6}, lastWriteDate=Tue Oct 11 17:52:51 IST 2022, lastUpdateTimeNanos=111008953778079}
[cluster-ClusterId{value='63459f633c3ae56f43bcac38', description='null'}-ac-5bfewms-shard-00-00.blxcxzn.mongodb.net:27017] INFO org.mongodb.driver.cluster - Monitor thread successfully connected to server with description ServerDescription{address=ac-5bfewms-shard-00-00.blxcxzn.mongodb.net:27017, type=REPLICA_SET_SECONDARY, state=CONNECTED, ok=true, minWireVersion=0, maxWireVersion=13, maxDocumentSize=16777216, logicalSessionTimeoutMinutes=30, roundTripTimeNanos=179367381, setName='atlas-6hdzur-shard-0', canonicalAddress=ac-5bfewms-shard-00-00.blxcxzn.mongodb.net:27017, hosts=[ac-5bfewms-shard-00-00.blxcxzn.mongodb.net:27017, ac-5bfewms-shard-00-01.blxcxzn.mongodb.net:27017, ac-5bfewms-shard-00-02.blxcxzn.mongodb.net:27017], passives=[], arbiters=[], primary='ac-5bfewms-shard-00-02.blxcxzn.mongodb.net:27017', tagSet=TagSet{[Tag{name='nodeType', value='ELECTABLE'}, Tag{name='provider', value='AWS'}, Tag{name='region', value='EU_WEST_1'}, Tag{name='workloadType', value='OPERATIONAL'}]}, electionId=null, setVersion=7, topologyVersion=TopologyVersion{processId=633c34c08aae8d2d02d0a4c3, counter=4}, lastWriteDate=Tue Oct 11 17:52:51 IST 2022, lastUpdateTimeNanos=111008953778055}
[cluster-ClusterId{value='63459f633c3ae56f43bcac38', description='null'}-ac-5bfewms-shard-00-02.blxcxzn.mongodb.net:27017] INFO org.mongodb.driver.cluster - Setting max election id to 7fffffff0000000000000056 from replica set primary ac-5bfewms-shard-00-02.blxcxzn.mongodb.net:27017
[cluster-ClusterId{value='63459f633c3ae56f43bcac38', description='null'}-ac-5bfewms-shard-00-02.blxcxzn.mongodb.net:27017] INFO org.mongodb.driver.cluster - Setting max set version to 7 from replica set primary ac-5bfewms-shard-00-02.blxcxzn.mongodb.net:27017
[cluster-ClusterId{value='63459f633c3ae56f43bcac38', description='null'}-ac-5bfewms-shard-00-02.blxcxzn.mongodb.net:27017] INFO org.mongodb.driver.cluster - Discovered replica set primary ac-5bfewms-shard-00-02.blxcxzn.mongodb.net:27017
[Test worker] INFO org.mongodb.driver.connection - Opened connection [connectionId{localValue:7, serverValue:164086}] to ac-5bfewms-shard-00-02.blxcxzn.mongodb.net:27017
[Test worker] INFO org.mongodb.driver.client - MongoClient with metadata {"driver": {"name": "mongo-java-driver|sync|kmongo", "version": "4.7.1"}, "os": {"type": "Linux", "name": "Linux", "architecture": "amd64", "version": "5.19.13-200.fc36.x86_64"}, "platform": "Java/Amazon.com Inc./16.0.2+7|Kotlin/1.7.10"} created with settings MongoClientSettings{readPreference=primary, writeConcern=WriteConcern{w=null, wTimeout=null ms, journal=null}, retryWrites=true, retryReads=true, readConcern=ReadConcern{level=null}, credential=MongoCredential{mechanism=null, userName='bryan', source='admin', password=<hidden>, mechanismProperties=<hidden>}, streamFactoryFactory=null, commandListeners=[], codecRegistry=ProvidersCodecRegistry{codecProviders=[OverridableUuidRepresentationCodecRegistry{wrapped=ProvidersCodecRegistry{codecProviders=[ValueCodecProvider{}, BsonValueCodecProvider{}, DBRefCodecProvider{}, DBObjectCodecProvider{}, DocumentCodecProvider{}, IterableCodecProvider{}, MapCodecProvider{}, GeoJsonCodecProvider{}, GridFSFileCodecProvider{}, Jsr310CodecProvider{}, JsonObjectCodecProvider{}, BsonCodecProvider{}]}, uuidRepresentation=UNSPECIFIED}, org.litote.kmongo.service.CustomCodecProvider@cc239ba, ProvidersCodecRegistry{codecProviders=[org.litote.kmongo.jackson.JacksonCodecProvider@7d37f1c]}]}, clusterSettings={hosts=[127.0.0.1:27017], srvHost=coachr-client-db.blxcxzn.mongodb.net, srvServiceName=mongodb, mode=MULTIPLE, requiredClusterType=REPLICA_SET, requiredReplicaSetName='atlas-6hdzur-shard-0', serverSelector='null', clusterListeners='[]', serverSelectionTimeout='30000 ms', localThreshold='30000 ms'}, socketSettings=SocketSettings{connectTimeoutMS=10000, readTimeoutMS=0, receiveBufferSize=0, sendBufferSize=0}, heartbeatSocketSettings=SocketSettings{connectTimeoutMS=10000, readTimeoutMS=10000, receiveBufferSize=0, sendBufferSize=0}, connectionPoolSettings=ConnectionPoolSettings{maxSize=100, minSize=0, maxWaitTimeMS=120000, maxConnectionLifeTimeMS=0, maxConnectionIdleTimeMS=0, maintenanceInitialDelayMS=0, maintenanceFrequencyMS=60000, connectionPoolListeners=[], maxConnecting=2}, serverSettings=ServerSettings{heartbeatFrequencyMS=10000, minHeartbeatFrequencyMS=500, serverListeners='[]', serverMonitorListeners='[]'}, sslSettings=SslSettings{enabled=true, invalidHostNameAllowed=false, context=null}, applicationName='null', compressorList=[], uuidRepresentation=UNSPECIFIED, serverApi=null, autoEncryptionSettings=null, contextProvider=null}
[cluster-ClusterId{value='63459f653c3ae56f43bcac39', description='null'}-srv-coachr-client-db.blxcxzn.mongodb.net] INFO org.mongodb.driver.cluster - Adding discovered server ac-5bfewms-shard-00-02.blxcxzn.mongodb.net:27017 to client view of cluster
[cluster-ClusterId{value='63459f653c3ae56f43bcac39', description='null'}-srv-coachr-client-db.blxcxzn.mongodb.net] INFO org.mongodb.driver.cluster - Adding discovered server ac-5bfewms-shard-00-01.blxcxzn.mongodb.net:27017 to client view of cluster
[cluster-ClusterId{value='63459f653c3ae56f43bcac39', description='null'}-srv-coachr-client-db.blxcxzn.mongodb.net] INFO org.mongodb.driver.cluster - Adding discovered server ac-5bfewms-shard-00-00.blxcxzn.mongodb.net:27017 to client view of cluster
[cluster-ClusterId{value='63459f653c3ae56f43bcac39', description='null'}-ac-5bfewms-shard-00-01.blxcxzn.mongodb.net:27017] INFO org.mongodb.driver.connection - Opened connection [connectionId{localValue:10, serverValue:163343}] to ac-5bfewms-shard-00-01.blxcxzn.mongodb.net:27017
[cluster-ClusterId{value='63459f653c3ae56f43bcac39', description='null'}-ac-5bfewms-shard-00-00.blxcxzn.mongodb.net:27017] INFO org.mongodb.driver.connection - Opened connection [connectionId{localValue:12, serverValue:163457}] to ac-5bfewms-shard-00-00.blxcxzn.mongodb.net:27017
[cluster-ClusterId{value='63459f653c3ae56f43bcac39', description='null'}-ac-5bfewms-shard-00-02.blxcxzn.mongodb.net:27017] INFO org.mongodb.driver.connection - Opened connection [connectionId{localValue:8, serverValue:164275}] to ac-5bfewms-shard-00-02.blxcxzn.mongodb.net:27017
[cluster-ClusterId{value='63459f653c3ae56f43bcac39', description='null'}-ac-5bfewms-shard-00-00.blxcxzn.mongodb.net:27017] INFO org.mongodb.driver.cluster - Monitor thread successfully connected to server with description ServerDescription{address=ac-5bfewms-shard-00-00.blxcxzn.mongodb.net:27017, type=REPLICA_SET_SECONDARY, state=CONNECTED, ok=true, minWireVersion=0, maxWireVersion=13, maxDocumentSize=16777216, logicalSessionTimeoutMinutes=30, roundTripTimeNanos=33736973, setName='atlas-6hdzur-shard-0', canonicalAddress=ac-5bfewms-shard-00-00.blxcxzn.mongodb.net:27017, hosts=[ac-5bfewms-shard-00-00.blxcxzn.mongodb.net:27017, ac-5bfewms-shard-00-01.blxcxzn.mongodb.net:27017, ac-5bfewms-shard-00-02.blxcxzn.mongodb.net:27017], passives=[], arbiters=[], primary='ac-5bfewms-shard-00-02.blxcxzn.mongodb.net:27017', tagSet=TagSet{[Tag{name='nodeType', value='ELECTABLE'}, Tag{name='provider', value='AWS'}, Tag{name='region', value='EU_WEST_1'}, Tag{name='workloadType', value='OPERATIONAL'}]}, electionId=null, setVersion=7, topologyVersion=TopologyVersion{processId=633c34c08aae8d2d02d0a4c3, counter=4}, lastWriteDate=Tue Oct 11 17:52:53 IST 2022, lastUpdateTimeNanos=111010618057773}
[cluster-ClusterId{value='63459f653c3ae56f43bcac39', description='null'}-ac-5bfewms-shard-00-02.blxcxzn.mongodb.net:27017] INFO org.mongodb.driver.cluster - Monitor thread successfully connected to server with description ServerDescription{address=ac-5bfewms-shard-00-02.blxcxzn.mongodb.net:27017, type=REPLICA_SET_PRIMARY, state=CONNECTED, ok=true, minWireVersion=0, maxWireVersion=13, maxDocumentSize=16777216, logicalSessionTimeoutMinutes=30, roundTripTimeNanos=35720055, setName='atlas-6hdzur-shard-0', canonicalAddress=ac-5bfewms-shard-00-02.blxcxzn.mongodb.net:27017, hosts=[ac-5bfewms-shard-00-00.blxcxzn.mongodb.net:27017, ac-5bfewms-shard-00-01.blxcxzn.mongodb.net:27017, ac-5bfewms-shard-00-02.blxcxzn.mongodb.net:27017], passives=[], arbiters=[], primary='ac-5bfewms-shard-00-02.blxcxzn.mongodb.net:27017', tagSet=TagSet{[Tag{name='nodeType', value='ELECTABLE'}, Tag{name='provider', value='AWS'}, Tag{name='region', value='EU_WEST_1'}, Tag{name='workloadType', value='OPERATIONAL'}]}, electionId=7fffffff0000000000000056, setVersion=7, topologyVersion=TopologyVersion{processId=633c35123507a642fa1fa1a2, counter=6}, lastWriteDate=Tue Oct 11 17:52:53 IST 2022, lastUpdateTimeNanos=111010618271421}
[cluster-ClusterId{value='63459f653c3ae56f43bcac39', description='null'}-ac-5bfewms-shard-00-01.blxcxzn.mongodb.net:27017] INFO org.mongodb.driver.cluster - Monitor thread successfully connected to server with description ServerDescription{address=ac-5bfewms-shard-00-01.blxcxzn.mongodb.net:27017, type=REPLICA_SET_SECONDARY, state=CONNECTED, ok=true, minWireVersion=0, maxWireVersion=13, maxDocumentSize=16777216, logicalSessionTimeoutMinutes=30, roundTripTimeNanos=33533359, setName='atlas-6hdzur-shard-0', canonicalAddress=ac-5bfewms-shard-00-01.blxcxzn.mongodb.net:27017, hosts=[ac-5bfewms-shard-00-00.blxcxzn.mongodb.net:27017, ac-5bfewms-shard-00-01.blxcxzn.mongodb.net:27017, ac-5bfewms-shard-00-02.blxcxzn.mongodb.net:27017], passives=[], arbiters=[], primary='ac-5bfewms-shard-00-02.blxcxzn.mongodb.net:27017', tagSet=TagSet{[Tag{name='nodeType', value='ELECTABLE'}, Tag{name='provider', value='AWS'}, Tag{name='region', value='EU_WEST_1'}, Tag{name='workloadType', value='OPERATIONAL'}]}, electionId=null, setVersion=7, topologyVersion=TopologyVersion{processId=633c3565365488d3ed6b008e, counter=3}, lastWriteDate=Tue Oct 11 17:52:53 IST 2022, lastUpdateTimeNanos=111010617874867}
[cluster-ClusterId{value='63459f653c3ae56f43bcac39', description='null'}-ac-5bfewms-shard-00-02.blxcxzn.mongodb.net:27017] INFO org.mongodb.driver.cluster - Setting max election id to 7fffffff0000000000000056 from replica set primary ac-5bfewms-shard-00-02.blxcxzn.mongodb.net:27017
[cluster-ClusterId{value='63459f653c3ae56f43bcac39', description='null'}-ac-5bfewms-shard-00-02.blxcxzn.mongodb.net:27017] INFO org.mongodb.driver.cluster - Setting max set version to 7 from replica set primary ac-5bfewms-shard-00-02.blxcxzn.mongodb.net:27017
[cluster-ClusterId{value='63459f653c3ae56f43bcac39', description='null'}-ac-5bfewms-shard-00-02.blxcxzn.mongodb.net:27017] INFO org.mongodb.driver.cluster - Discovered replica set primary ac-5bfewms-shard-00-02.blxcxzn.mongodb.net:27017
[cluster-rtt-ClusterId{value='63459f653c3ae56f43bcac39', description='null'}-ac-5bfewms-shard-00-02.blxcxzn.mongodb.net:27017] INFO org.mongodb.driver.connection - Opened connection [connectionId{localValue:9, serverValue:164188}] to ac-5bfewms-shard-00-02.blxcxzn.mongodb.net:27017
[cluster-rtt-ClusterId{value='63459f653c3ae56f43bcac39', description='null'}-ac-5bfewms-shard-00-00.blxcxzn.mongodb.net:27017] INFO org.mongodb.driver.connection - Opened connection [connectionId{localValue:13, serverValue:163456}] to ac-5bfewms-shard-00-00.blxcxzn.mongodb.net:27017
[cluster-rtt-ClusterId{value='63459f653c3ae56f43bcac39', description='null'}-ac-5bfewms-shard-00-01.blxcxzn.mongodb.net:27017] INFO org.mongodb.driver.connection - Opened connection [connectionId{localValue:11, serverValue:163345}] to ac-5bfewms-shard-00-01.blxcxzn.mongodb.net:27017
[Test worker] INFO org.mongodb.driver.connection - Opened connection [connectionId{localValue:14, serverValue:164298}] to ac-5bfewms-shard-00-02.blxcxzn.mongodb.net:27017
[Test worker] INFO org.mongodb.driver.client - MongoClient with metadata {"driver": {"name": "mongo-java-driver|sync|kmongo", "version": "4.7.1"}, "os": {"type": "Linux", "name": "Linux", "architecture": "amd64", "version": "5.19.13-200.fc36.x86_64"}, "platform": "Java/Amazon.com Inc./16.0.2+7|Kotlin/1.7.10"} created with settings MongoClientSettings{readPreference=primary, writeConcern=WriteConcern{w=null, wTimeout=null ms, journal=null}, retryWrites=true, retryReads=true, readConcern=ReadConcern{level=null}, credential=MongoCredential{mechanism=null, userName='bryan', source='admin', password=<hidden>, mechanismProperties=<hidden>}, streamFactoryFactory=null, commandListeners=[], codecRegistry=ProvidersCodecRegistry{codecProviders=[OverridableUuidRepresentationCodecRegistry{wrapped=ProvidersCodecRegistry{codecProviders=[ValueCodecProvider{}, BsonValueCodecProvider{}, DBRefCodecProvider{}, DBObjectCodecProvider{}, DocumentCodecProvider{}, IterableCodecProvider{}, MapCodecProvider{}, GeoJsonCodecProvider{}, GridFSFileCodecProvider{}, Jsr310CodecProvider{}, JsonObjectCodecProvider{}, BsonCodecProvider{}]}, uuidRepresentation=UNSPECIFIED}, org.litote.kmongo.service.CustomCodecProvider@cc239ba, ProvidersCodecRegistry{codecProviders=[org.litote.kmongo.jackson.JacksonCodecProvider@7d37f1c]}]}, clusterSettings={hosts=[127.0.0.1:27017], srvHost=coachr-client-db.blxcxzn.mongodb.net, srvServiceName=mongodb, mode=MULTIPLE, requiredClusterType=REPLICA_SET, requiredReplicaSetName='atlas-6hdzur-shard-0', serverSelector='null', clusterListeners='[]', serverSelectionTimeout='30000 ms', localThreshold='30000 ms'}, socketSettings=SocketSettings{connectTimeoutMS=10000, readTimeoutMS=0, receiveBufferSize=0, sendBufferSize=0}, heartbeatSocketSettings=SocketSettings{connectTimeoutMS=10000, readTimeoutMS=10000, receiveBufferSize=0, sendBufferSize=0}, connectionPoolSettings=ConnectionPoolSettings{maxSize=100, minSize=0, maxWaitTimeMS=120000, maxConnectionLifeTimeMS=0, maxConnectionIdleTimeMS=0, maintenanceInitialDelayMS=0, maintenanceFrequencyMS=60000, connectionPoolListeners=[], maxConnecting=2}, serverSettings=ServerSettings{heartbeatFrequencyMS=10000, minHeartbeatFrequencyMS=500, serverListeners='[]', serverMonitorListeners='[]'}, sslSettings=SslSettings{enabled=true, invalidHostNameAllowed=false, context=null}, applicationName='null', compressorList=[], uuidRepresentation=UNSPECIFIED, serverApi=null, autoEncryptionSettings=null, contextProvider=null}
[cluster-ClusterId{value='63459f673c3ae56f43bcac3a', description='null'}-srv-coachr-client-db.blxcxzn.mongodb.net] INFO org.mongodb.driver.cluster - Adding discovered server ac-5bfewms-shard-00-02.blxcxzn.mongodb.net:27017 to client view of cluster
[cluster-ClusterId{value='63459f673c3ae56f43bcac3a', description='null'}-srv-coachr-client-db.blxcxzn.mongodb.net] INFO org.mongodb.driver.cluster - Adding discovered server ac-5bfewms-shard-00-01.blxcxzn.mongodb.net:27017 to client view of cluster
[cluster-ClusterId{value='63459f673c3ae56f43bcac3a', description='null'}-srv-coachr-client-db.blxcxzn.mongodb.net] INFO org.mongodb.driver.cluster - Adding discovered server ac-5bfewms-shard-00-00.blxcxzn.mongodb.net:27017 to client view of cluster
[cluster-rtt-ClusterId{value='63459f673c3ae56f43bcac3a', description='null'}-ac-5bfewms-shard-00-00.blxcxzn.mongodb.net:27017] INFO org.mongodb.driver.connection - Opened connection [connectionId{localValue:20, serverValue:163456}] to ac-5bfewms-shard-00-00.blxcxzn.mongodb.net:27017
[cluster-rtt-ClusterId{value='63459f673c3ae56f43bcac3a', description='null'}-ac-5bfewms-shard-00-01.blxcxzn.mongodb.net:27017] INFO org.mongodb.driver.connection - Opened connection [connectionId{localValue:18, serverValue:163345}] to ac-5bfewms-shard-00-01.blxcxzn.mongodb.net:27017
[cluster-rtt-ClusterId{value='63459f673c3ae56f43bcac3a', description='null'}-ac-5bfewms-shard-00-02.blxcxzn.mongodb.net:27017] INFO org.mongodb.driver.connection - Opened connection [connectionId{localValue:16, serverValue:164344}] to ac-5bfewms-shard-00-02.blxcxzn.mongodb.net:27017
[cluster-ClusterId{value='63459f673c3ae56f43bcac3a', description='null'}-ac-5bfewms-shard-00-00.blxcxzn.mongodb.net:27017] INFO org.mongodb.driver.connection - Opened connection [connectionId{localValue:19, serverValue:163458}] to ac-5bfewms-shard-00-00.blxcxzn.mongodb.net:27017
[cluster-ClusterId{value='63459f673c3ae56f43bcac3a', description='null'}-ac-5bfewms-shard-00-01.blxcxzn.mongodb.net:27017] INFO org.mongodb.driver.connection - Opened connection [connectionId{localValue:17, serverValue:163344}] to ac-5bfewms-shard-00-01.blxcxzn.mongodb.net:27017
[cluster-ClusterId{value='63459f673c3ae56f43bcac3a', description='null'}-ac-5bfewms-shard-00-02.blxcxzn.mongodb.net:27017] INFO org.mongodb.driver.connection - Opened connection [connectionId{localValue:15, serverValue:164293}] to ac-5bfewms-shard-00-02.blxcxzn.mongodb.net:27017
[cluster-ClusterId{value='63459f673c3ae56f43bcac3a', description='null'}-ac-5bfewms-shard-00-00.blxcxzn.mongodb.net:27017] INFO org.mongodb.driver.cluster - Monitor thread successfully connected to server with description ServerDescription{address=ac-5bfewms-shard-00-00.blxcxzn.mongodb.net:27017, type=REPLICA_SET_SECONDARY, state=CONNECTED, ok=true, minWireVersion=0, maxWireVersion=13, maxDocumentSize=16777216, logicalSessionTimeoutMinutes=30, roundTripTimeNanos=67999130, setName='atlas-6hdzur-shard-0', canonicalAddress=ac-5bfewms-shard-00-00.blxcxzn.mongodb.net:27017, hosts=[ac-5bfewms-shard-00-00.blxcxzn.mongodb.net:27017, ac-5bfewms-shard-00-01.blxcxzn.mongodb.net:27017, ac-5bfewms-shard-00-02.blxcxzn.mongodb.net:27017], passives=[], arbiters=[], primary='ac-5bfewms-shard-00-02.blxcxzn.mongodb.net:27017', tagSet=TagSet{[Tag{name='nodeType', value='ELECTABLE'}, Tag{name='provider', value='AWS'}, Tag{name='region', value='EU_WEST_1'}, Tag{name='workloadType', value='OPERATIONAL'}]}, electionId=null, setVersion=7, topologyVersion=TopologyVersion{processId=633c34c08aae8d2d02d0a4c3, counter=4}, lastWriteDate=Tue Oct 11 17:52:55 IST 2022, lastUpdateTimeNanos=111012594538630}
[cluster-ClusterId{value='63459f673c3ae56f43bcac3a', description='null'}-ac-5bfewms-shard-00-01.blxcxzn.mongodb.net:27017] INFO org.mongodb.driver.cluster - Monitor thread successfully connected to server with description ServerDescription{address=ac-5bfewms-shard-00-01.blxcxzn.mongodb.net:27017, type=REPLICA_SET_SECONDARY, state=CONNECTED, ok=true, minWireVersion=0, maxWireVersion=13, maxDocumentSize=16777216, logicalSessionTimeoutMinutes=30, roundTripTimeNanos=67951676, setName='atlas-6hdzur-shard-0', canonicalAddress=ac-5bfewms-shard-00-01.blxcxzn.mongodb.net:27017, hosts=[ac-5bfewms-shard-00-00.blxcxzn.mongodb.net:27017, ac-5bfewms-shard-00-01.blxcxzn.mongodb.net:27017, ac-5bfewms-shard-00-02.blxcxzn.mongodb.net:27017], passives=[], arbiters=[], primary='ac-5bfewms-shard-00-02.blxcxzn.mongodb.net:27017', tagSet=TagSet{[Tag{name='nodeType', value='ELECTABLE'}, Tag{name='provider', value='AWS'}, Tag{name='region', value='EU_WEST_1'}, Tag{name='workloadType', value='OPERATIONAL'}]}, electionId=null, setVersion=7, topologyVersion=TopologyVersion{processId=633c3565365488d3ed6b008e, counter=3}, lastWriteDate=Tue Oct 11 17:52:55 IST 2022, lastUpdateTimeNanos=111012594542667}
[cluster-ClusterId{value='63459f673c3ae56f43bcac3a', description='null'}-ac-5bfewms-shard-00-02.blxcxzn.mongodb.net:27017] INFO org.mongodb.driver.cluster - Monitor thread successfully connected to server with description ServerDescription{address=ac-5bfewms-shard-00-02.blxcxzn.mongodb.net:27017, type=REPLICA_SET_PRIMARY, state=CONNECTED, ok=true, minWireVersion=0, maxWireVersion=13, maxDocumentSize=16777216, logicalSessionTimeoutMinutes=30, roundTripTimeNanos=67930184, setName='atlas-6hdzur-shard-0', canonicalAddress=ac-5bfewms-shard-00-02.blxcxzn.mongodb.net:27017, hosts=[ac-5bfewms-shard-00-00.blxcxzn.mongodb.net:27017, ac-5bfewms-shard-00-01.blxcxzn.mongodb.net:27017, ac-5bfewms-shard-00-02.blxcxzn.mongodb.net:27017], passives=[], arbiters=[], primary='ac-5bfewms-shard-00-02.blxcxzn.mongodb.net:27017', tagSet=TagSet{[Tag{name='nodeType', value='ELECTABLE'}, Tag{name='provider', value='AWS'}, Tag{name='region', value='EU_WEST_1'}, Tag{name='workloadType', value='OPERATIONAL'}]}, electionId=7fffffff0000000000000056, setVersion=7, topologyVersion=TopologyVersion{processId=633c35123507a642fa1fa1a2, counter=6}, lastWriteDate=Tue Oct 11 17:52:55 IST 2022, lastUpdateTimeNanos=111012594523620}
[cluster-ClusterId{value='63459f673c3ae56f43bcac3a', description='null'}-ac-5bfewms-shard-00-02.blxcxzn.mongodb.net:27017] INFO org.mongodb.driver.cluster - Setting max election id to 7fffffff0000000000000056 from replica set primary ac-5bfewms-shard-00-02.blxcxzn.mongodb.net:27017
[cluster-ClusterId{value='63459f673c3ae56f43bcac3a', description='null'}-ac-5bfewms-shard-00-02.blxcxzn.mongodb.net:27017] INFO org.mongodb.driver.cluster - Setting max set version to 7 from replica set primary ac-5bfewms-shard-00-02.blxcxzn.mongodb.net:27017
[cluster-ClusterId{value='63459f673c3ae56f43bcac3a', description='null'}-ac-5bfewms-shard-00-02.blxcxzn.mongodb.net:27017] INFO org.mongodb.driver.cluster - Discovered replica set primary ac-5bfewms-shard-00-02.blxcxzn.mongodb.net:27017
[Test worker] INFO org.mongodb.driver.connection - Opened connection [connectionId{localValue:21, serverValue:164318}] to ac-5bfewms-shard-00-02.blxcxzn.mongodb.net:27017
[Test worker] INFO org.mongodb.driver.client - MongoClient with metadata {"driver": {"name": "mongo-java-driver|sync|kmongo", "version": "4.7.1"}, "os": {"type": "Linux", "name": "Linux", "architecture": "amd64", "version": "5.19.13-200.fc36.x86_64"}, "platform": "Java/Amazon.com Inc./16.0.2+7|Kotlin/1.7.10"} created with settings MongoClientSettings{readPreference=primary, writeConcern=WriteConcern{w=null, wTimeout=null ms, journal=null}, retryWrites=true, retryReads=true, readConcern=ReadConcern{level=null}, credential=MongoCredential{mechanism=null, userName='bryan', source='admin', password=<hidden>, mechanismProperties=<hidden>}, streamFactoryFactory=null, commandListeners=[], codecRegistry=ProvidersCodecRegistry{codecProviders=[OverridableUuidRepresentationCodecRegistry{wrapped=ProvidersCodecRegistry{codecProviders=[ValueCodecProvider{}, BsonValueCodecProvider{}, DBRefCodecProvider{}, DBObjectCodecProvider{}, DocumentCodecProvider{}, IterableCodecProvider{}, MapCodecProvider{}, GeoJsonCodecProvider{}, GridFSFileCodecProvider{}, Jsr310CodecProvider{}, JsonObjectCodecProvider{}, BsonCodecProvider{}]}, uuidRepresentation=UNSPECIFIED}, org.litote.kmongo.service.CustomCodecProvider@cc239ba, ProvidersCodecRegistry{codecProviders=[org.litote.kmongo.jackson.JacksonCodecProvider@7d37f1c]}]}, clusterSettings={hosts=[127.0.0.1:27017], srvHost=coachr-client-db.blxcxzn.mongodb.net, srvServiceName=mongodb, mode=MULTIPLE, requiredClusterType=REPLICA_SET, requiredReplicaSetName='atlas-6hdzur-shard-0', serverSelector='null', clusterListeners='[]', serverSelectionTimeout='30000 ms', localThreshold='30000 ms'}, socketSettings=SocketSettings{connectTimeoutMS=10000, readTimeoutMS=0, receiveBufferSize=0, sendBufferSize=0}, heartbeatSocketSettings=SocketSettings{connectTimeoutMS=10000, readTimeoutMS=10000, receiveBufferSize=0, sendBufferSize=0}, connectionPoolSettings=ConnectionPoolSettings{maxSize=100, minSize=0, maxWaitTimeMS=120000, maxConnectionLifeTimeMS=0, maxConnectionIdleTimeMS=0, maintenanceInitialDelayMS=0, maintenanceFrequencyMS=60000, connectionPoolListeners=[], maxConnecting=2}, serverSettings=ServerSettings{heartbeatFrequencyMS=10000, minHeartbeatFrequencyMS=500, serverListeners='[]', serverMonitorListeners='[]'}, sslSettings=SslSettings{enabled=true, invalidHostNameAllowed=false, context=null}, applicationName='null', compressorList=[], uuidRepresentation=UNSPECIFIED, serverApi=null, autoEncryptionSettings=null, contextProvider=null}
[cluster-ClusterId{value='63459f693c3ae56f43bcac3b', description='null'}-srv-coachr-client-db.blxcxzn.mongodb.net] INFO org.mongodb.driver.cluster - Adding discovered server ac-5bfewms-shard-00-02.blxcxzn.mongodb.net:27017 to client view of cluster
[cluster-ClusterId{value='63459f693c3ae56f43bcac3b', description='null'}-srv-coachr-client-db.blxcxzn.mongodb.net] INFO org.mongodb.driver.cluster - Adding discovered server ac-5bfewms-shard-00-01.blxcxzn.mongodb.net:27017 to client view of cluster
[cluster-ClusterId{value='63459f693c3ae56f43bcac3b', description='null'}-srv-coachr-client-db.blxcxzn.mongodb.net] INFO org.mongodb.driver.cluster - Adding discovered server ac-5bfewms-shard-00-00.blxcxzn.mongodb.net:27017 to client view of cluster
[cluster-ClusterId{value='63459f693c3ae56f43bcac3b', description='null'}-ac-5bfewms-shard-00-02.blxcxzn.mongodb.net:27017] INFO org.mongodb.driver.connection - Opened connection [connectionId{localValue:22, serverValue:164303}] to ac-5bfewms-shard-00-02.blxcxzn.mongodb.net:27017
[cluster-ClusterId{value='63459f693c3ae56f43bcac3b', description='null'}-ac-5bfewms-shard-00-02.blxcxzn.mongodb.net:27017] INFO org.mongodb.driver.cluster - Monitor thread successfully connected to server with description ServerDescription{address=ac-5bfewms-shard-00-02.blxcxzn.mongodb.net:27017, type=REPLICA_SET_PRIMARY, state=CONNECTED, ok=true, minWireVersion=0, maxWireVersion=13, maxDocumentSize=16777216, logicalSessionTimeoutMinutes=30, roundTripTimeNanos=21976532, setName='atlas-6hdzur-shard-0', canonicalAddress=ac-5bfewms-shard-00-02.blxcxzn.mongodb.net:27017, hosts=[ac-5bfewms-shard-00-00.blxcxzn.mongodb.net:27017, ac-5bfewms-shard-00-01.blxcxzn.mongodb.net:27017, ac-5bfewms-shard-00-02.blxcxzn.mongodb.net:27017], passives=[], arbiters=[], primary='ac-5bfewms-shard-00-02.blxcxzn.mongodb.net:27017', tagSet=TagSet{[Tag{name='nodeType', value='ELECTABLE'}, Tag{name='provider', value='AWS'}, Tag{name='region', value='EU_WEST_1'}, Tag{name='workloadType', value='OPERATIONAL'}]}, electionId=7fffffff0000000000000056, setVersion=7, topologyVersion=TopologyVersion{processId=633c35123507a642fa1fa1a2, counter=6}, lastWriteDate=Tue Oct 11 17:52:57 IST 2022, lastUpdateTimeNanos=111014303252708}
[cluster-ClusterId{value='63459f693c3ae56f43bcac3b', description='null'}-ac-5bfewms-shard-00-02.blxcxzn.mongodb.net:27017] INFO org.mongodb.driver.cluster - Setting max election id to 7fffffff0000000000000056 from replica set primary ac-5bfewms-shard-00-02.blxcxzn.mongodb.net:27017
[cluster-ClusterId{value='63459f693c3ae56f43bcac3b', description='null'}-ac-5bfewms-shard-00-02.blxcxzn.mongodb.net:27017] INFO org.mongodb.driver.cluster - Setting max set version to 7 from replica set primary ac-5bfewms-shard-00-02.blxcxzn.mongodb.net:27017
[cluster-ClusterId{value='63459f693c3ae56f43bcac3b', description='null'}-ac-5bfewms-shard-00-02.blxcxzn.mongodb.net:27017] INFO org.mongodb.driver.cluster - Discovered replica set primary ac-5bfewms-shard-00-02.blxcxzn.mongodb.net:27017
[cluster-ClusterId{value='63459f693c3ae56f43bcac3b', description='null'}-ac-5bfewms-shard-00-01.blxcxzn.mongodb.net:27017] INFO org.mongodb.driver.connection - Opened connection [connectionId{localValue:24, serverValue:163346}] to ac-5bfewms-shard-00-01.blxcxzn.mongodb.net:27017
[cluster-ClusterId{value='63459f693c3ae56f43bcac3b', description='null'}-ac-5bfewms-shard-00-01.blxcxzn.mongodb.net:27017] INFO org.mongodb.driver.cluster - Monitor thread successfully connected to server with description ServerDescription{address=ac-5bfewms-shard-00-01.blxcxzn.mongodb.net:27017, type=REPLICA_SET_SECONDARY, state=CONNECTED, ok=true, minWireVersion=0, maxWireVersion=13, maxDocumentSize=16777216, logicalSessionTimeoutMinutes=30, roundTripTimeNanos=31162267, setName='atlas-6hdzur-shard-0', canonicalAddress=ac-5bfewms-shard-00-01.blxcxzn.mongodb.net:27017, hosts=[ac-5bfewms-shard-00-00.blxcxzn.mongodb.net:27017, ac-5bfewms-shard-00-01.blxcxzn.mongodb.net:27017, ac-5bfewms-shard-00-02.blxcxzn.mongodb.net:27017], passives=[], arbiters=[], primary='ac-5bfewms-shard-00-02.blxcxzn.mongodb.net:27017', tagSet=TagSet{[Tag{name='nodeType', value='ELECTABLE'}, Tag{name='provider', value='AWS'}, Tag{name='region', value='EU_WEST_1'}, Tag{name='workloadType', value='OPERATIONAL'}]}, electionId=null, setVersion=7, topologyVersion=TopologyVersion{processId=633c3565365488d3ed6b008e, counter=3}, lastWriteDate=Tue Oct 11 17:52:57 IST 2022, lastUpdateTimeNanos=111014312419811}
[cluster-ClusterId{value='63459f693c3ae56f43bcac3b', description='null'}-ac-5bfewms-shard-00-00.blxcxzn.mongodb.net:27017] INFO org.mongodb.driver.connection - Opened connection [connectionId{localValue:26, serverValue:163458}] to ac-5bfewms-shard-00-00.blxcxzn.mongodb.net:27017
[cluster-ClusterId{value='63459f693c3ae56f43bcac3b', description='null'}-ac-5bfewms-shard-00-00.blxcxzn.mongodb.net:27017] INFO org.mongodb.driver.cluster - Monitor thread successfully connected to server with description ServerDescription{address=ac-5bfewms-shard-00-00.blxcxzn.mongodb.net:27017, type=REPLICA_SET_SECONDARY, state=CONNECTED, ok=true, minWireVersion=0, maxWireVersion=13, maxDocumentSize=16777216, logicalSessionTimeoutMinutes=30, roundTripTimeNanos=31878793, setName='atlas-6hdzur-shard-0', canonicalAddress=ac-5bfewms-shard-00-00.blxcxzn.mongodb.net:27017, hosts=[ac-5bfewms-shard-00-00.blxcxzn.mongodb.net:27017, ac-5bfewms-shard-00-01.blxcxzn.mongodb.net:27017, ac-5bfewms-shard-00-02.blxcxzn.mongodb.net:27017], passives=[], arbiters=[], primary='ac-5bfewms-shard-00-02.blxcxzn.mongodb.net:27017', tagSet=TagSet{[Tag{name='nodeType', value='ELECTABLE'}, Tag{name='provider', value='AWS'}, Tag{name='region', value='EU_WEST_1'}, Tag{name='workloadType', value='OPERATIONAL'}]}, electionId=null, setVersion=7, topologyVersion=TopologyVersion{processId=633c34c08aae8d2d02d0a4c3, counter=4}, lastWriteDate=Tue Oct 11 17:52:57 IST 2022, lastUpdateTimeNanos=111014313111698}
[cluster-rtt-ClusterId{value='63459f693c3ae56f43bcac3b', description='null'}-ac-5bfewms-shard-00-00.blxcxzn.mongodb.net:27017] INFO org.mongodb.driver.connection - Opened connection [connectionId{localValue:27, serverValue:163458}] to ac-5bfewms-shard-00-00.blxcxzn.mongodb.net:27017
[cluster-rtt-ClusterId{value='63459f693c3ae56f43bcac3b', description='null'}-ac-5bfewms-shard-00-01.blxcxzn.mongodb.net:27017] INFO org.mongodb.driver.connection - Opened connection [connectionId{localValue:25, serverValue:163346}] to ac-5bfewms-shard-00-01.blxcxzn.mongodb.net:27017
[cluster-rtt-ClusterId{value='63459f693c3ae56f43bcac3b', description='null'}-ac-5bfewms-shard-00-02.blxcxzn.mongodb.net:27017] INFO org.mongodb.driver.connection - Opened connection [connectionId{localValue:23, serverValue:164228}] to ac-5bfewms-shard-00-02.blxcxzn.mongodb.net:27017
[Test worker] INFO org.mongodb.driver.connection - Opened connection [connectionId{localValue:28, serverValue:164256}] to ac-5bfewms-shard-00-02.blxcxzn.mongodb.net:27017
[Test worker] INFO org.mongodb.driver.client - MongoClient with metadata {"driver": {"name": "mongo-java-driver|sync|kmongo", "version": "4.7.1"}, "os": {"type": "Linux", "name": "Linux", "architecture": "amd64", "version": "5.19.13-200.fc36.x86_64"}, "platform": "Java/Amazon.com Inc./16.0.2+7|Kotlin/1.7.10"} created with settings MongoClientSettings{readPreference=primary, writeConcern=WriteConcern{w=null, wTimeout=null ms, journal=null}, retryWrites=true, retryReads=true, readConcern=ReadConcern{level=null}, credential=MongoCredential{mechanism=null, userName='bryan', source='admin', password=<hidden>, mechanismProperties=<hidden>}, streamFactoryFactory=null, commandListeners=[], codecRegistry=ProvidersCodecRegistry{codecProviders=[OverridableUuidRepresentationCodecRegistry{wrapped=ProvidersCodecRegistry{codecProviders=[ValueCodecProvider{}, BsonValueCodecProvider{}, DBRefCodecProvider{}, DBObjectCodecProvider{}, DocumentCodecProvider{}, IterableCodecProvider{}, MapCodecProvider{}, GeoJsonCodecProvider{}, GridFSFileCodecProvider{}, Jsr310CodecProvider{}, JsonObjectCodecProvider{}, BsonCodecProvider{}]}, uuidRepresentation=UNSPECIFIED}, org.litote.kmongo.service.CustomCodecProvider@cc239ba, ProvidersCodecRegistry{codecProviders=[org.litote.kmongo.jackson.JacksonCodecProvider@7d37f1c]}]}, clusterSettings={hosts=[127.0.0.1:27017], srvHost=coachr-client-db.blxcxzn.mongodb.net, srvServiceName=mongodb, mode=MULTIPLE, requiredClusterType=REPLICA_SET, requiredReplicaSetName='atlas-6hdzur-shard-0', serverSelector='null', clusterListeners='[]', serverSelectionTimeout='30000 ms', localThreshold='30000 ms'}, socketSettings=SocketSettings{connectTimeoutMS=10000, readTimeoutMS=0, receiveBufferSize=0, sendBufferSize=0}, heartbeatSocketSettings=SocketSettings{connectTimeoutMS=10000, readTimeoutMS=10000, receiveBufferSize=0, sendBufferSize=0}, connectionPoolSettings=ConnectionPoolSettings{maxSize=100, minSize=0, maxWaitTimeMS=120000, maxConnectionLifeTimeMS=0, maxConnectionIdleTimeMS=0, maintenanceInitialDelayMS=0, maintenanceFrequencyMS=60000, connectionPoolListeners=[], maxConnecting=2}, serverSettings=ServerSettings{heartbeatFrequencyMS=10000, minHeartbeatFrequencyMS=500, serverListeners='[]', serverMonitorListeners='[]'}, sslSettings=SslSettings{enabled=true, invalidHostNameAllowed=false, context=null}, applicationName='null', compressorList=[], uuidRepresentation=UNSPECIFIED, serverApi=null, autoEncryptionSettings=null, contextProvider=null}
[cluster-ClusterId{value='63459f6a3c3ae56f43bcac3c', description='null'}-srv-coachr-client-db.blxcxzn.mongodb.net] INFO org.mongodb.driver.cluster - Adding discovered server ac-5bfewms-shard-00-02.blxcxzn.mongodb.net:27017 to client view of cluster
[cluster-ClusterId{value='63459f6a3c3ae56f43bcac3c', description='null'}-srv-coachr-client-db.blxcxzn.mongodb.net] INFO org.mongodb.driver.cluster - Adding discovered server ac-5bfewms-shard-00-01.blxcxzn.mongodb.net:27017 to client view of cluster
[cluster-ClusterId{value='63459f6a3c3ae56f43bcac3c', description='null'}-srv-coachr-client-db.blxcxzn.mongodb.net] INFO org.mongodb.driver.cluster - Adding discovered server ac-5bfewms-shard-00-00.blxcxzn.mongodb.net:27017 to client view of cluster
[cluster-ClusterId{value='63459f6a3c3ae56f43bcac3c', description='null'}-ac-5bfewms-shard-00-01.blxcxzn.mongodb.net:27017] INFO org.mongodb.driver.connection - Opened connection [connectionId{localValue:31, serverValue:163347}] to ac-5bfewms-shard-00-01.blxcxzn.mongodb.net:27017
[cluster-ClusterId{value='63459f6a3c3ae56f43bcac3c', description='null'}-ac-5bfewms-shard-00-01.blxcxzn.mongodb.net:27017] INFO org.mongodb.driver.cluster - Monitor thread successfully connected to server with description ServerDescription{address=ac-5bfewms-shard-00-01.blxcxzn.mongodb.net:27017, type=REPLICA_SET_SECONDARY, state=CONNECTED, ok=true, minWireVersion=0, maxWireVersion=13, maxDocumentSize=16777216, logicalSessionTimeoutMinutes=30, roundTripTimeNanos=33496742, setName='atlas-6hdzur-shard-0', canonicalAddress=ac-5bfewms-shard-00-01.blxcxzn.mongodb.net:27017, hosts=[ac-5bfewms-shard-00-00.blxcxzn.mongodb.net:27017, ac-5bfewms-shard-00-01.blxcxzn.mongodb.net:27017, ac-5bfewms-shard-00-02.blxcxzn.mongodb.net:27017], passives=[], arbiters=[], primary='ac-5bfewms-shard-00-02.blxcxzn.mongodb.net:27017', tagSet=TagSet{[Tag{name='nodeType', value='ELECTABLE'}, Tag{name='provider', value='AWS'}, Tag{name='region', value='EU_WEST_1'}, Tag{name='workloadType', value='OPERATIONAL'}]}, electionId=null, setVersion=7, topologyVersion=TopologyVersion{processId=633c3565365488d3ed6b008e, counter=3}, lastWriteDate=Tue Oct 11 17:52:58 IST 2022, lastUpdateTimeNanos=111016037720794}
[cluster-rtt-ClusterId{value='63459f6a3c3ae56f43bcac3c', description='null'}-ac-5bfewms-shard-00-02.blxcxzn.mongodb.net:27017] INFO org.mongodb.driver.connection - Opened connection [connectionId{localValue:30, serverValue:164086}] to ac-5bfewms-shard-00-02.blxcxzn.mongodb.net:27017
[cluster-rtt-ClusterId{value='63459f6a3c3ae56f43bcac3c', description='null'}-ac-5bfewms-shard-00-00.blxcxzn.mongodb.net:27017] INFO org.mongodb.driver.connection - Opened connection [connectionId{localValue:34, serverValue:163459}] to ac-5bfewms-shard-00-00.blxcxzn.mongodb.net:27017
[cluster-rtt-ClusterId{value='63459f6a3c3ae56f43bcac3c', description='null'}-ac-5bfewms-shard-00-01.blxcxzn.mongodb.net:27017] INFO org.mongodb.driver.connection - Opened connection [connectionId{localValue:32, serverValue:163345}] to ac-5bfewms-shard-00-01.blxcxzn.mongodb.net:27017
[cluster-ClusterId{value='63459f6a3c3ae56f43bcac3c', description='null'}-ac-5bfewms-shard-00-02.blxcxzn.mongodb.net:27017] INFO org.mongodb.driver.connection - Opened connection [connectionId{localValue:29, serverValue:164177}] to ac-5bfewms-shard-00-02.blxcxzn.mongodb.net:27017
[cluster-ClusterId{value='63459f6a3c3ae56f43bcac3c', description='null'}-ac-5bfewms-shard-00-02.blxcxzn.mongodb.net:27017] INFO org.mongodb.driver.cluster - Monitor thread successfully connected to server with description ServerDescription{address=ac-5bfewms-shard-00-02.blxcxzn.mongodb.net:27017, type=REPLICA_SET_PRIMARY, state=CONNECTED, ok=true, minWireVersion=0, maxWireVersion=13, maxDocumentSize=16777216, logicalSessionTimeoutMinutes=30, roundTripTimeNanos=42535173, setName='atlas-6hdzur-shard-0', canonicalAddress=ac-5bfewms-shard-00-02.blxcxzn.mongodb.net:27017, hosts=[ac-5bfewms-shard-00-00.blxcxzn.mongodb.net:27017, ac-5bfewms-shard-00-01.blxcxzn.mongodb.net:27017, ac-5bfewms-shard-00-02.blxcxzn.mongodb.net:27017], passives=[], arbiters=[], primary='ac-5bfewms-shard-00-02.blxcxzn.mongodb.net:27017', tagSet=TagSet{[Tag{name='nodeType', value='ELECTABLE'}, Tag{name='provider', value='AWS'}, Tag{name='region', value='EU_WEST_1'}, Tag{name='workloadType', value='OPERATIONAL'}]}, electionId=7fffffff0000000000000056, setVersion=7, topologyVersion=TopologyVersion{processId=633c35123507a642fa1fa1a2, counter=6}, lastWriteDate=Tue Oct 11 17:52:58 IST 2022, lastUpdateTimeNanos=111016046519543}
[cluster-ClusterId{value='63459f6a3c3ae56f43bcac3c', description='null'}-ac-5bfewms-shard-00-02.blxcxzn.mongodb.net:27017] INFO org.mongodb.driver.cluster - Setting max election id to 7fffffff0000000000000056 from replica set primary ac-5bfewms-shard-00-02.blxcxzn.mongodb.net:27017
[cluster-ClusterId{value='63459f6a3c3ae56f43bcac3c', description='null'}-ac-5bfewms-shard-00-02.blxcxzn.mongodb.net:27017] INFO org.mongodb.driver.cluster - Setting max set version to 7 from replica set primary ac-5bfewms-shard-00-02.blxcxzn.mongodb.net:27017
[cluster-ClusterId{value='63459f6a3c3ae56f43bcac3c', description='null'}-ac-5bfewms-shard-00-02.blxcxzn.mongodb.net:27017] INFO org.mongodb.driver.cluster - Discovered replica set primary ac-5bfewms-shard-00-02.blxcxzn.mongodb.net:27017
[cluster-ClusterId{value='63459f6a3c3ae56f43bcac3c', description='null'}-ac-5bfewms-shard-00-00.blxcxzn.mongodb.net:27017] INFO org.mongodb.driver.connection - Opened connection [connectionId{localValue:33, serverValue:163459}] to ac-5bfewms-shard-00-00.blxcxzn.mongodb.net:27017
[cluster-ClusterId{value='63459f6a3c3ae56f43bcac3c', description='null'}-ac-5bfewms-shard-00-00.blxcxzn.mongodb.net:27017] INFO org.mongodb.driver.cluster - Monitor thread successfully connected to server with description ServerDescription{address=ac-5bfewms-shard-00-00.blxcxzn.mongodb.net:27017, type=REPLICA_SET_SECONDARY, state=CONNECTED, ok=true, minWireVersion=0, maxWireVersion=13, maxDocumentSize=16777216, logicalSessionTimeoutMinutes=30, roundTripTimeNanos=49480393, setName='atlas-6hdzur-shard-0', canonicalAddress=ac-5bfewms-shard-00-00.blxcxzn.mongodb.net:27017, hosts=[ac-5bfewms-shard-00-00.blxcxzn.mongodb.net:27017, ac-5bfewms-shard-00-01.blxcxzn.mongodb.net:27017, ac-5bfewms-shard-00-02.blxcxzn.mongodb.net:27017], passives=[], arbiters=[], primary='ac-5bfewms-shard-00-02.blxcxzn.mongodb.net:27017', tagSet=TagSet{[Tag{name='nodeType', value='ELECTABLE'}, Tag{name='provider', value='AWS'}, Tag{name='region', value='EU_WEST_1'}, Tag{name='workloadType', value='OPERATIONAL'}]}, electionId=null, setVersion=7, topologyVersion=TopologyVersion{processId=633c34c08aae8d2d02d0a4c3, counter=4}, lastWriteDate=Tue Oct 11 17:52:58 IST 2022, lastUpdateTimeNanos=111016056530388}
[Test worker] INFO org.mongodb.driver.connection - Opened connection [connectionId{localValue:35, serverValue:164134}] to ac-5bfewms-shard-00-02.blxcxzn.mongodb.net:27017
[Test worker] INFO org.mongodb.driver.client - MongoClient with metadata {"driver": {"name": "mongo-java-driver|sync|kmongo", "version": "4.7.1"}, "os": {"type": "Linux", "name": "Linux", "architecture": "amd64", "version": "5.19.13-200.fc36.x86_64"}, "platform": "Java/Amazon.com Inc./16.0.2+7|Kotlin/1.7.10"} created with settings MongoClientSettings{readPreference=primary, writeConcern=WriteConcern{w=null, wTimeout=null ms, journal=null}, retryWrites=true, retryReads=true, readConcern=ReadConcern{level=null}, credential=MongoCredential{mechanism=null, userName='bryan', source='admin', password=<hidden>, mechanismProperties=<hidden>}, streamFactoryFactory=null, commandListeners=[], codecRegistry=ProvidersCodecRegistry{codecProviders=[OverridableUuidRepresentationCodecRegistry{wrapped=ProvidersCodecRegistry{codecProviders=[ValueCodecProvider{}, BsonValueCodecProvider{}, DBRefCodecProvider{}, DBObjectCodecProvider{}, DocumentCodecProvider{}, IterableCodecProvider{}, MapCodecProvider{}, GeoJsonCodecProvider{}, GridFSFileCodecProvider{}, Jsr310CodecProvider{}, JsonObjectCodecProvider{}, BsonCodecProvider{}]}, uuidRepresentation=UNSPECIFIED}, org.litote.kmongo.service.CustomCodecProvider@cc239ba, ProvidersCodecRegistry{codecProviders=[org.litote.kmongo.jackson.JacksonCodecProvider@7d37f1c]}]}, clusterSettings={hosts=[127.0.0.1:27017], srvHost=coachr-client-db.blxcxzn.mongodb.net, srvServiceName=mongodb, mode=MULTIPLE, requiredClusterType=REPLICA_SET, requiredReplicaSetName='atlas-6hdzur-shard-0', serverSelector='null', clusterListeners='[]', serverSelectionTimeout='30000 ms', localThreshold='30000 ms'}, socketSettings=SocketSettings{connectTimeoutMS=10000, readTimeoutMS=0, receiveBufferSize=0, sendBufferSize=0}, heartbeatSocketSettings=SocketSettings{connectTimeoutMS=10000, readTimeoutMS=10000, receiveBufferSize=0, sendBufferSize=0}, connectionPoolSettings=ConnectionPoolSettings{maxSize=100, minSize=0, maxWaitTimeMS=120000, maxConnectionLifeTimeMS=0, maxConnectionIdleTimeMS=0, maintenanceInitialDelayMS=0, maintenanceFrequencyMS=60000, connectionPoolListeners=[], maxConnecting=2}, serverSettings=ServerSettings{heartbeatFrequencyMS=10000, minHeartbeatFrequencyMS=500, serverListeners='[]', serverMonitorListeners='[]'}, sslSettings=SslSettings{enabled=true, invalidHostNameAllowed=false, context=null}, applicationName='null', compressorList=[], uuidRepresentation=UNSPECIFIED, serverApi=null, autoEncryptionSettings=null, contextProvider=null}
[cluster-ClusterId{value='63459f6c3c3ae56f43bcac3d', description='null'}-srv-coachr-client-db.blxcxzn.mongodb.net] INFO org.mongodb.driver.cluster - Adding discovered server ac-5bfewms-shard-00-02.blxcxzn.mongodb.net:27017 to client view of cluster
[cluster-ClusterId{value='63459f6c3c3ae56f43bcac3d', description='null'}-srv-coachr-client-db.blxcxzn.mongodb.net] INFO org.mongodb.driver.cluster - Adding discovered server ac-5bfewms-shard-00-01.blxcxzn.mongodb.net:27017 to client view of cluster
[cluster-ClusterId{value='63459f6c3c3ae56f43bcac3d', description='null'}-srv-coachr-client-db.blxcxzn.mongodb.net] INFO org.mongodb.driver.cluster - Adding discovered server ac-5bfewms-shard-00-00.blxcxzn.mongodb.net:27017 to client view of cluster
[cluster-rtt-ClusterId{value='63459f6c3c3ae56f43bcac3d', description='null'}-ac-5bfewms-shard-00-01.blxcxzn.mongodb.net:27017] INFO org.mongodb.driver.connection - Opened connection [connectionId{localValue:39, serverValue:163345}] to ac-5bfewms-shard-00-01.blxcxzn.mongodb.net:27017
[cluster-ClusterId{value='63459f6c3c3ae56f43bcac3d', description='null'}-ac-5bfewms-shard-00-00.blxcxzn.mongodb.net:27017] INFO org.mongodb.driver.connection - Opened connection [connectionId{localValue:40, serverValue:163464}] to ac-5bfewms-shard-00-00.blxcxzn.mongodb.net:27017
[cluster-ClusterId{value='63459f6c3c3ae56f43bcac3d', description='null'}-ac-5bfewms-shard-00-00.blxcxzn.mongodb.net:27017] INFO org.mongodb.driver.cluster - Monitor thread successfully connected to server with description ServerDescription{address=ac-5bfewms-shard-00-00.blxcxzn.mongodb.net:27017, type=REPLICA_SET_SECONDARY, state=CONNECTED, ok=true, minWireVersion=0, maxWireVersion=13, maxDocumentSize=16777216, logicalSessionTimeoutMinutes=30, roundTripTimeNanos=27967232, setName='atlas-6hdzur-shard-0', canonicalAddress=ac-5bfewms-shard-00-00.blxcxzn.mongodb.net:27017, hosts=[ac-5bfewms-shard-00-00.blxcxzn.mongodb.net:27017, ac-5bfewms-shard-00-01.blxcxzn.mongodb.net:27017, ac-5bfewms-shard-00-02.blxcxzn.mongodb.net:27017], passives=[], arbiters=[], primary='ac-5bfewms-shard-00-02.blxcxzn.mongodb.net:27017', tagSet=TagSet{[Tag{name='nodeType', value='ELECTABLE'}, Tag{name='provider', value='AWS'}, Tag{name='region', value='EU_WEST_1'}, Tag{name='workloadType', value='OPERATIONAL'}]}, electionId=null, setVersion=7, topologyVersion=TopologyVersion{processId=633c34c08aae8d2d02d0a4c3, counter=4}, lastWriteDate=Tue Oct 11 17:53:00 IST 2022, lastUpdateTimeNanos=111017728002245}
[cluster-ClusterId{value='63459f6c3c3ae56f43bcac3d', description='null'}-ac-5bfewms-shard-00-02.blxcxzn.mongodb.net:27017] INFO org.mongodb.driver.connection - Opened connection [connectionId{localValue:36, serverValue:164220}] to ac-5bfewms-shard-00-02.blxcxzn.mongodb.net:27017
[cluster-ClusterId{value='63459f6c3c3ae56f43bcac3d', description='null'}-ac-5bfewms-shard-00-02.blxcxzn.mongodb.net:27017] INFO org.mongodb.driver.cluster - Monitor thread successfully connected to server with description ServerDescription{address=ac-5bfewms-shard-00-02.blxcxzn.mongodb.net:27017, type=REPLICA_SET_PRIMARY, state=CONNECTED, ok=true, minWireVersion=0, maxWireVersion=13, maxDocumentSize=16777216, logicalSessionTimeoutMinutes=30, roundTripTimeNanos=30526948, setName='atlas-6hdzur-shard-0', canonicalAddress=ac-5bfewms-shard-00-02.blxcxzn.mongodb.net:27017, hosts=[ac-5bfewms-shard-00-00.blxcxzn.mongodb.net:27017, ac-5bfewms-shard-00-01.blxcxzn.mongodb.net:27017, ac-5bfewms-shard-00-02.blxcxzn.mongodb.net:27017], passives=[], arbiters=[], primary='ac-5bfewms-shard-00-02.blxcxzn.mongodb.net:27017', tagSet=TagSet{[Tag{name='nodeType', value='ELECTABLE'}, Tag{name='provider', value='AWS'}, Tag{name='region', value='EU_WEST_1'}, Tag{name='workloadType', value='OPERATIONAL'}]}, electionId=7fffffff0000000000000056, setVersion=7, topologyVersion=TopologyVersion{processId=633c35123507a642fa1fa1a2, counter=6}, lastWriteDate=Tue Oct 11 17:53:00 IST 2022, lastUpdateTimeNanos=111017730562437}
[cluster-ClusterId{value='63459f6c3c3ae56f43bcac3d', description='null'}-ac-5bfewms-shard-00-02.blxcxzn.mongodb.net:27017] INFO org.mongodb.driver.cluster - Setting max election id to 7fffffff0000000000000056 from replica set primary ac-5bfewms-shard-00-02.blxcxzn.mongodb.net:27017
[cluster-ClusterId{value='63459f6c3c3ae56f43bcac3d', description='null'}-ac-5bfewms-shard-00-02.blxcxzn.mongodb.net:27017] INFO org.mongodb.driver.cluster - Setting max set version to 7 from replica set primary ac-5bfewms-shard-00-02.blxcxzn.mongodb.net:27017
[cluster-ClusterId{value='63459f6c3c3ae56f43bcac3d', description='null'}-ac-5bfewms-shard-00-02.blxcxzn.mongodb.net:27017] INFO org.mongodb.driver.cluster - Discovered replica set primary ac-5bfewms-shard-00-02.blxcxzn.mongodb.net:27017
[cluster-rtt-ClusterId{value='63459f6c3c3ae56f43bcac3d', description='null'}-ac-5bfewms-shard-00-02.blxcxzn.mongodb.net:27017] INFO org.mongodb.driver.connection - Opened connection [connectionId{localValue:37, serverValue:164220}] to ac-5bfewms-shard-00-02.blxcxzn.mongodb.net:27017
[cluster-ClusterId{value='63459f6c3c3ae56f43bcac3d', description='null'}-ac-5bfewms-shard-00-01.blxcxzn.mongodb.net:27017] INFO org.mongodb.driver.connection - Opened connection [connectionId{localValue:38, serverValue:163345}] to ac-5bfewms-shard-00-01.blxcxzn.mongodb.net:27017
[cluster-ClusterId{value='63459f6c3c3ae56f43bcac3d', description='null'}-ac-5bfewms-shard-00-01.blxcxzn.mongodb.net:27017] INFO org.mongodb.driver.cluster - Monitor thread successfully connected to server with description ServerDescription{address=ac-5bfewms-shard-00-01.blxcxzn.mongodb.net:27017, type=REPLICA_SET_SECONDARY, state=CONNECTED, ok=true, minWireVersion=0, maxWireVersion=13, maxDocumentSize=16777216, logicalSessionTimeoutMinutes=30, roundTripTimeNanos=38474402, setName='atlas-6hdzur-shard-0', canonicalAddress=ac-5bfewms-shard-00-01.blxcxzn.mongodb.net:27017, hosts=[ac-5bfewms-shard-00-00.blxcxzn.mongodb.net:27017, ac-5bfewms-shard-00-01.blxcxzn.mongodb.net:27017, ac-5bfewms-shard-00-02.blxcxzn.mongodb.net:27017], passives=[], arbiters=[], primary='ac-5bfewms-shard-00-02.blxcxzn.mongodb.net:27017', tagSet=TagSet{[Tag{name='nodeType', value='ELECTABLE'}, Tag{name='provider', value='AWS'}, Tag{name='region', value='EU_WEST_1'}, Tag{name='workloadType', value='OPERATIONAL'}]}, electionId=null, setVersion=7, topologyVersion=TopologyVersion{processId=633c3565365488d3ed6b008e, counter=3}, lastWriteDate=Tue Oct 11 17:53:00 IST 2022, lastUpdateTimeNanos=111017738882161}
[cluster-rtt-ClusterId{value='63459f6c3c3ae56f43bcac3d', description='null'}-ac-5bfewms-shard-00-00.blxcxzn.mongodb.net:27017] INFO org.mongodb.driver.connection - Opened connection [connectionId{localValue:41, serverValue:163465}] to ac-5bfewms-shard-00-00.blxcxzn.mongodb.net:27017
[Test worker] INFO org.mongodb.driver.connection - Opened connection [connectionId{localValue:42, serverValue:164256}] to ac-5bfewms-shard-00-02.blxcxzn.mongodb.net:27017
[Test worker] INFO org.mongodb.driver.client - MongoClient with metadata {"driver": {"name": "mongo-java-driver|sync|kmongo", "version": "4.7.1"}, "os": {"type": "Linux", "name": "Linux", "architecture": "amd64", "version": "5.19.13-200.fc36.x86_64"}, "platform": "Java/Amazon.com Inc./16.0.2+7|Kotlin/1.7.10"} created with settings MongoClientSettings{readPreference=primary, writeConcern=WriteConcern{w=null, wTimeout=null ms, journal=null}, retryWrites=true, retryReads=true, readConcern=ReadConcern{level=null}, credential=MongoCredential{mechanism=null, userName='bryan', source='admin', password=<hidden>, mechanismProperties=<hidden>}, streamFactoryFactory=null, commandListeners=[], codecRegistry=ProvidersCodecRegistry{codecProviders=[OverridableUuidRepresentationCodecRegistry{wrapped=ProvidersCodecRegistry{codecProviders=[ValueCodecProvider{}, BsonValueCodecProvider{}, DBRefCodecProvider{}, DBObjectCodecProvider{}, DocumentCodecProvider{}, IterableCodecProvider{}, MapCodecProvider{}, GeoJsonCodecProvider{}, GridFSFileCodecProvider{}, Jsr310CodecProvider{}, JsonObjectCodecProvider{}, BsonCodecProvider{}]}, uuidRepresentation=UNSPECIFIED}, org.litote.kmongo.service.CustomCodecProvider@cc239ba, ProvidersCodecRegistry{codecProviders=[org.litote.kmongo.jackson.JacksonCodecProvider@7d37f1c]}]}, clusterSettings={hosts=[127.0.0.1:27017], srvHost=coachr-client-db.blxcxzn.mongodb.net, srvServiceName=mongodb, mode=MULTIPLE, requiredClusterType=REPLICA_SET, requiredReplicaSetName='atlas-6hdzur-shard-0', serverSelector='null', clusterListeners='[]', serverSelectionTimeout='30000 ms', localThreshold='30000 ms'}, socketSettings=SocketSettings{connectTimeoutMS=10000, readTimeoutMS=0, receiveBufferSize=0, sendBufferSize=0}, heartbeatSocketSettings=SocketSettings{connectTimeoutMS=10000, readTimeoutMS=10000, receiveBufferSize=0, sendBufferSize=0}, connectionPoolSettings=ConnectionPoolSettings{maxSize=100, minSize=0, maxWaitTimeMS=120000, maxConnectionLifeTimeMS=0, maxConnectionIdleTimeMS=0, maintenanceInitialDelayMS=0, maintenanceFrequencyMS=60000, connectionPoolListeners=[], maxConnecting=2}, serverSettings=ServerSettings{heartbeatFrequencyMS=10000, minHeartbeatFrequencyMS=500, serverListeners='[]', serverMonitorListeners='[]'}, sslSettings=SslSettings{enabled=true, invalidHostNameAllowed=false, context=null}, applicationName='null', compressorList=[], uuidRepresentation=UNSPECIFIED, serverApi=null, autoEncryptionSettings=null, contextProvider=null}
[cluster-ClusterId{value='63459f6e3c3ae56f43bcac3e', description='null'}-srv-coachr-client-db.blxcxzn.mongodb.net] INFO org.mongodb.driver.cluster - Adding discovered server ac-5bfewms-shard-00-02.blxcxzn.mongodb.net:27017 to client view of cluster
[cluster-ClusterId{value='63459f6e3c3ae56f43bcac3e', description='null'}-srv-coachr-client-db.blxcxzn.mongodb.net] INFO org.mongodb.driver.cluster - Adding discovered server ac-5bfewms-shard-00-01.blxcxzn.mongodb.net:27017 to client view of cluster
[cluster-ClusterId{value='63459f6e3c3ae56f43bcac3e', description='null'}-srv-coachr-client-db.blxcxzn.mongodb.net] INFO org.mongodb.driver.cluster - Adding discovered server ac-5bfewms-shard-00-00.blxcxzn.mongodb.net:27017 to client view of cluster
[cluster-ClusterId{value='63459f6e3c3ae56f43bcac3e', description='null'}-ac-5bfewms-shard-00-00.blxcxzn.mongodb.net:27017] INFO org.mongodb.driver.connection - Opened connection [connectionId{localValue:47, serverValue:163465}] to ac-5bfewms-shard-00-00.blxcxzn.mongodb.net:27017
[cluster-rtt-ClusterId{value='63459f6e3c3ae56f43bcac3e', description='null'}-ac-5bfewms-shard-00-01.blxcxzn.mongodb.net:27017] INFO org.mongodb.driver.connection - Opened connection [connectionId{localValue:46, serverValue:163348}] to ac-5bfewms-shard-00-01.blxcxzn.mongodb.net:27017
[cluster-ClusterId{value='63459f6e3c3ae56f43bcac3e', description='null'}-ac-5bfewms-shard-00-00.blxcxzn.mongodb.net:27017] INFO org.mongodb.driver.cluster - Monitor thread successfully connected to server with description ServerDescription{address=ac-5bfewms-shard-00-00.blxcxzn.mongodb.net:27017, type=REPLICA_SET_SECONDARY, state=CONNECTED, ok=true, minWireVersion=0, maxWireVersion=13, maxDocumentSize=16777216, logicalSessionTimeoutMinutes=30, roundTripTimeNanos=26805028, setName='atlas-6hdzur-shard-0', canonicalAddress=ac-5bfewms-shard-00-00.blxcxzn.mongodb.net:27017, hosts=[ac-5bfewms-shard-00-00.blxcxzn.mongodb.net:27017, ac-5bfewms-shard-00-01.blxcxzn.mongodb.net:27017, ac-5bfewms-shard-00-02.blxcxzn.mongodb.net:27017], passives=[], arbiters=[], primary='ac-5bfewms-shard-00-02.blxcxzn.mongodb.net:27017', tagSet=TagSet{[Tag{name='nodeType', value='ELECTABLE'}, Tag{name='provider', value='AWS'}, Tag{name='region', value='EU_WEST_1'}, Tag{name='workloadType', value='OPERATIONAL'}]}, electionId=null, setVersion=7, topologyVersion=TopologyVersion{processId=633c34c08aae8d2d02d0a4c3, counter=4}, lastWriteDate=Tue Oct 11 17:53:02 IST 2022, lastUpdateTimeNanos=111019420049505}
[cluster-ClusterId{value='63459f6e3c3ae56f43bcac3e', description='null'}-ac-5bfewms-shard-00-02.blxcxzn.mongodb.net:27017] INFO org.mongodb.driver.connection - Opened connection [connectionId{localValue:43, serverValue:164361}] to ac-5bfewms-shard-00-02.blxcxzn.mongodb.net:27017
[cluster-ClusterId{value='63459f6e3c3ae56f43bcac3e', description='null'}-ac-5bfewms-shard-00-02.blxcxzn.mongodb.net:27017] INFO org.mongodb.driver.cluster - Monitor thread successfully connected to server with description ServerDescription{address=ac-5bfewms-shard-00-02.blxcxzn.mongodb.net:27017, type=REPLICA_SET_PRIMARY, state=CONNECTED, ok=true, minWireVersion=0, maxWireVersion=13, maxDocumentSize=16777216, logicalSessionTimeoutMinutes=30, roundTripTimeNanos=27725677, setName='atlas-6hdzur-shard-0', canonicalAddress=ac-5bfewms-shard-00-02.blxcxzn.mongodb.net:27017, hosts=[ac-5bfewms-shard-00-00.blxcxzn.mongodb.net:27017, ac-5bfewms-shard-00-01.blxcxzn.mongodb.net:27017, ac-5bfewms-shard-00-02.blxcxzn.mongodb.net:27017], passives=[], arbiters=[], primary='ac-5bfewms-shard-00-02.blxcxzn.mongodb.net:27017', tagSet=TagSet{[Tag{name='nodeType', value='ELECTABLE'}, Tag{name='provider', value='AWS'}, Tag{name='region', value='EU_WEST_1'}, Tag{name='workloadType', value='OPERATIONAL'}]}, electionId=7fffffff0000000000000056, setVersion=7, topologyVersion=TopologyVersion{processId=633c35123507a642fa1fa1a2, counter=6}, lastWriteDate=Tue Oct 11 17:53:02 IST 2022, lastUpdateTimeNanos=111019421013500}
[cluster-ClusterId{value='63459f6e3c3ae56f43bcac3e', description='null'}-ac-5bfewms-shard-00-02.blxcxzn.mongodb.net:27017] INFO org.mongodb.driver.cluster - Setting max election id to 7fffffff0000000000000056 from replica set primary ac-5bfewms-shard-00-02.blxcxzn.mongodb.net:27017
[cluster-ClusterId{value='63459f6e3c3ae56f43bcac3e', description='null'}-ac-5bfewms-shard-00-02.blxcxzn.mongodb.net:27017] INFO org.mongodb.driver.cluster - Setting max set version to 7 from replica set primary ac-5bfewms-shard-00-02.blxcxzn.mongodb.net:27017
[cluster-ClusterId{value='63459f6e3c3ae56f43bcac3e', description='null'}-ac-5bfewms-shard-00-02.blxcxzn.mongodb.net:27017] INFO org.mongodb.driver.cluster - Discovered replica set primary ac-5bfewms-shard-00-02.blxcxzn.mongodb.net:27017
[cluster-ClusterId{value='63459f6e3c3ae56f43bcac3e', description='null'}-ac-5bfewms-shard-00-01.blxcxzn.mongodb.net:27017] INFO org.mongodb.driver.connection - Opened connection [connectionId{localValue:45, serverValue:163350}] to ac-5bfewms-shard-00-01.blxcxzn.mongodb.net:27017
[cluster-rtt-ClusterId{value='63459f6e3c3ae56f43bcac3e', description='null'}-ac-5bfewms-shard-00-02.blxcxzn.mongodb.net:27017] INFO org.mongodb.driver.connection - Opened connection [connectionId{localValue:44, serverValue:163856}] to ac-5bfewms-shard-00-02.blxcxzn.mongodb.net:27017
[cluster-ClusterId{value='63459f6e3c3ae56f43bcac3e', description='null'}-ac-5bfewms-shard-00-01.blxcxzn.mongodb.net:27017] INFO org.mongodb.driver.cluster - Monitor thread successfully connected to server with description ServerDescription{address=ac-5bfewms-shard-00-01.blxcxzn.mongodb.net:27017, type=REPLICA_SET_SECONDARY, state=CONNECTED, ok=true, minWireVersion=0, maxWireVersion=13, maxDocumentSize=16777216, logicalSessionTimeoutMinutes=30, roundTripTimeNanos=43089023, setName='atlas-6hdzur-shard-0', canonicalAddress=ac-5bfewms-shard-00-01.blxcxzn.mongodb.net:27017, hosts=[ac-5bfewms-shard-00-00.blxcxzn.mongodb.net:27017, ac-5bfewms-shard-00-01.blxcxzn.mongodb.net:27017, ac-5bfewms-shard-00-02.blxcxzn.mongodb.net:27017], passives=[], arbiters=[], primary='ac-5bfewms-shard-00-02.blxcxzn.mongodb.net:27017', tagSet=TagSet{[Tag{name='nodeType', value='ELECTABLE'}, Tag{name='provider', value='AWS'}, Tag{name='region', value='EU_WEST_1'}, Tag{name='workloadType', value='OPERATIONAL'}]}, electionId=null, setVersion=7, topologyVersion=TopologyVersion{processId=633c3565365488d3ed6b008e, counter=3}, lastWriteDate=Tue Oct 11 17:53:02 IST 2022, lastUpdateTimeNanos=111019436264454}
[cluster-rtt-ClusterId{value='63459f6e3c3ae56f43bcac3e', description='null'}-ac-5bfewms-shard-00-00.blxcxzn.mongodb.net:27017] INFO org.mongodb.driver.connection - Opened connection [connectionId{localValue:48, serverValue:163466}] to ac-5bfewms-shard-00-00.blxcxzn.mongodb.net:27017
[Test worker] INFO org.mongodb.driver.connection - Opened connection [connectionId{localValue:49, serverValue:164211}] to ac-5bfewms-shard-00-02.blxcxzn.mongodb.net:27017
[Test worker] INFO org.mongodb.driver.client - MongoClient with metadata {"driver": {"name": "mongo-java-driver|sync|kmongo", "version": "4.7.1"}, "os": {"type": "Linux", "name": "Linux", "architecture": "amd64", "version": "5.19.13-200.fc36.x86_64"}, "platform": "Java/Amazon.com Inc./16.0.2+7|Kotlin/1.7.10"} created with settings MongoClientSettings{readPreference=primary, writeConcern=WriteConcern{w=null, wTimeout=null ms, journal=null}, retryWrites=true, retryReads=true, readConcern=ReadConcern{level=null}, credential=MongoCredential{mechanism=null, userName='bryan', source='admin', password=<hidden>, mechanismProperties=<hidden>}, streamFactoryFactory=null, commandListeners=[], codecRegistry=ProvidersCodecRegistry{codecProviders=[OverridableUuidRepresentationCodecRegistry{wrapped=ProvidersCodecRegistry{codecProviders=[ValueCodecProvider{}, BsonValueCodecProvider{}, DBRefCodecProvider{}, DBObjectCodecProvider{}, DocumentCodecProvider{}, IterableCodecProvider{}, MapCodecProvider{}, GeoJsonCodecProvider{}, GridFSFileCodecProvider{}, Jsr310CodecProvider{}, JsonObjectCodecProvider{}, BsonCodecProvider{}]}, uuidRepresentation=UNSPECIFIED}, org.litote.kmongo.service.CustomCodecProvider@cc239ba, ProvidersCodecRegistry{codecProviders=[org.litote.kmongo.jackson.JacksonCodecProvider@7d37f1c]}]}, clusterSettings={hosts=[127.0.0.1:27017], srvHost=coachr-client-db.blxcxzn.mongodb.net, srvServiceName=mongodb, mode=MULTIPLE, requiredClusterType=REPLICA_SET, requiredReplicaSetName='atlas-6hdzur-shard-0', serverSelector='null', clusterListeners='[]', serverSelectionTimeout='30000 ms', localThreshold='30000 ms'}, socketSettings=SocketSettings{connectTimeoutMS=10000, readTimeoutMS=0, receiveBufferSize=0, sendBufferSize=0}, heartbeatSocketSettings=SocketSettings{connectTimeoutMS=10000, readTimeoutMS=10000, receiveBufferSize=0, sendBufferSize=0}, connectionPoolSettings=ConnectionPoolSettings{maxSize=100, minSize=0, maxWaitTimeMS=120000, maxConnectionLifeTimeMS=0, maxConnectionIdleTimeMS=0, maintenanceInitialDelayMS=0, maintenanceFrequencyMS=60000, connectionPoolListeners=[], maxConnecting=2}, serverSettings=ServerSettings{heartbeatFrequencyMS=10000, minHeartbeatFrequencyMS=500, serverListeners='[]', serverMonitorListeners='[]'}, sslSettings=SslSettings{enabled=true, invalidHostNameAllowed=false, context=null}, applicationName='null', compressorList=[], uuidRepresentation=UNSPECIFIED, serverApi=null, autoEncryptionSettings=null, contextProvider=null}
[cluster-ClusterId{value='63459f6f3c3ae56f43bcac3f', description='null'}-srv-coachr-client-db.blxcxzn.mongodb.net] INFO org.mongodb.driver.cluster - Adding discovered server ac-5bfewms-shard-00-02.blxcxzn.mongodb.net:27017 to client view of cluster
[cluster-ClusterId{value='63459f6f3c3ae56f43bcac3f', description='null'}-srv-coachr-client-db.blxcxzn.mongodb.net] INFO org.mongodb.driver.cluster - Adding discovered server ac-5bfewms-shard-00-01.blxcxzn.mongodb.net:27017 to client view of cluster
[cluster-ClusterId{value='63459f6f3c3ae56f43bcac3f', description='null'}-srv-coachr-client-db.blxcxzn.mongodb.net] INFO org.mongodb.driver.cluster - Adding discovered server ac-5bfewms-shard-00-00.blxcxzn.mongodb.net:27017 to client view of cluster
[cluster-rtt-ClusterId{value='63459f6f3c3ae56f43bcac3f', description='null'}-ac-5bfewms-shard-00-01.blxcxzn.mongodb.net:27017] INFO org.mongodb.driver.connection - Opened connection [connectionId{localValue:53, serverValue:163348}] to ac-5bfewms-shard-00-01.blxcxzn.mongodb.net:27017
[cluster-ClusterId{value='63459f6f3c3ae56f43bcac3f', description='null'}-ac-5bfewms-shard-00-00.blxcxzn.mongodb.net:27017] INFO org.mongodb.driver.connection - Opened connection [connectionId{localValue:54, serverValue:163467}] to ac-5bfewms-shard-00-00.blxcxzn.mongodb.net:27017
[cluster-ClusterId{value='63459f6f3c3ae56f43bcac3f', description='null'}-ac-5bfewms-shard-00-00.blxcxzn.mongodb.net:27017] INFO org.mongodb.driver.cluster - Monitor thread successfully connected to server with description ServerDescription{address=ac-5bfewms-shard-00-00.blxcxzn.mongodb.net:27017, type=REPLICA_SET_SECONDARY, state=CONNECTED, ok=true, minWireVersion=0, maxWireVersion=13, maxDocumentSize=16777216, logicalSessionTimeoutMinutes=30, roundTripTimeNanos=24269317, setName='atlas-6hdzur-shard-0', canonicalAddress=ac-5bfewms-shard-00-00.blxcxzn.mongodb.net:27017, hosts=[ac-5bfewms-shard-00-00.blxcxzn.mongodb.net:27017, ac-5bfewms-shard-00-01.blxcxzn.mongodb.net:27017, ac-5bfewms-shard-00-02.blxcxzn.mongodb.net:27017], passives=[], arbiters=[], primary='ac-5bfewms-shard-00-02.blxcxzn.mongodb.net:27017', tagSet=TagSet{[Tag{name='nodeType', value='ELECTABLE'}, Tag{name='provider', value='AWS'}, Tag{name='region', value='EU_WEST_1'}, Tag{name='workloadType', value='OPERATIONAL'}]}, electionId=null, setVersion=7, topologyVersion=TopologyVersion{processId=633c34c08aae8d2d02d0a4c3, counter=4}, lastWriteDate=Tue Oct 11 17:53:03 IST 2022, lastUpdateTimeNanos=111021098473748}
[cluster-rtt-ClusterId{value='63459f6f3c3ae56f43bcac3f', description='null'}-ac-5bfewms-shard-00-02.blxcxzn.mongodb.net:27017] INFO org.mongodb.driver.connection - Opened connection [connectionId{localValue:51, serverValue:164314}] to ac-5bfewms-shard-00-02.blxcxzn.mongodb.net:27017
[cluster-rtt-ClusterId{value='63459f6f3c3ae56f43bcac3f', description='null'}-ac-5bfewms-shard-00-00.blxcxzn.mongodb.net:27017] INFO org.mongodb.driver.connection - Opened connection [connectionId{localValue:55, serverValue:163466}] to ac-5bfewms-shard-00-00.blxcxzn.mongodb.net:27017
[cluster-ClusterId{value='63459f6f3c3ae56f43bcac3f', description='null'}-ac-5bfewms-shard-00-01.blxcxzn.mongodb.net:27017] INFO org.mongodb.driver.connection - Opened connection [connectionId{localValue:52, serverValue:163348}] to ac-5bfewms-shard-00-01.blxcxzn.mongodb.net:27017
[cluster-ClusterId{value='63459f6f3c3ae56f43bcac3f', description='null'}-ac-5bfewms-shard-00-02.blxcxzn.mongodb.net:27017] INFO org.mongodb.driver.connection - Opened connection [connectionId{localValue:50, serverValue:164188}] to ac-5bfewms-shard-00-02.blxcxzn.mongodb.net:27017
[cluster-ClusterId{value='63459f6f3c3ae56f43bcac3f', description='null'}-ac-5bfewms-shard-00-01.blxcxzn.mongodb.net:27017] INFO org.mongodb.driver.cluster - Monitor thread successfully connected to server with description ServerDescription{address=ac-5bfewms-shard-00-01.blxcxzn.mongodb.net:27017, type=REPLICA_SET_SECONDARY, state=CONNECTED, ok=true, minWireVersion=0, maxWireVersion=13, maxDocumentSize=16777216, logicalSessionTimeoutMinutes=30, roundTripTimeNanos=49093523, setName='atlas-6hdzur-shard-0', canonicalAddress=ac-5bfewms-shard-00-01.blxcxzn.mongodb.net:27017, hosts=[ac-5bfewms-shard-00-00.blxcxzn.mongodb.net:27017, ac-5bfewms-shard-00-01.blxcxzn.mongodb.net:27017, ac-5bfewms-shard-00-02.blxcxzn.mongodb.net:27017], passives=[], arbiters=[], primary='ac-5bfewms-shard-00-02.blxcxzn.mongodb.net:27017', tagSet=TagSet{[Tag{name='nodeType', value='ELECTABLE'}, Tag{name='provider', value='AWS'}, Tag{name='region', value='EU_WEST_1'}, Tag{name='workloadType', value='OPERATIONAL'}]}, electionId=null, setVersion=7, topologyVersion=TopologyVersion{processId=633c3565365488d3ed6b008e, counter=3}, lastWriteDate=Tue Oct 11 17:53:03 IST 2022, lastUpdateTimeNanos=111021123333572}
[cluster-ClusterId{value='63459f6f3c3ae56f43bcac3f', description='null'}-ac-5bfewms-shard-00-02.blxcxzn.mongodb.net:27017] INFO org.mongodb.driver.cluster - Monitor thread successfully connected to server with description ServerDescription{address=ac-5bfewms-shard-00-02.blxcxzn.mongodb.net:27017, type=REPLICA_SET_PRIMARY, state=CONNECTED, ok=true, minWireVersion=0, maxWireVersion=13, maxDocumentSize=16777216, logicalSessionTimeoutMinutes=30, roundTripTimeNanos=48855533, setName='atlas-6hdzur-shard-0', canonicalAddress=ac-5bfewms-shard-00-02.blxcxzn.mongodb.net:27017, hosts=[ac-5bfewms-shard-00-00.blxcxzn.mongodb.net:27017, ac-5bfewms-shard-00-01.blxcxzn.mongodb.net:27017, ac-5bfewms-shard-00-02.blxcxzn.mongodb.net:27017], passives=[], arbiters=[], primary='ac-5bfewms-shard-00-02.blxcxzn.mongodb.net:27017', tagSet=TagSet{[Tag{name='nodeType', value='ELECTABLE'}, Tag{name='provider', value='AWS'}, Tag{name='region', value='EU_WEST_1'}, Tag{name='workloadType', value='OPERATIONAL'}]}, electionId=7fffffff0000000000000056, setVersion=7, topologyVersion=TopologyVersion{processId=633c35123507a642fa1fa1a2, counter=6}, lastWriteDate=Tue Oct 11 17:53:04 IST 2022, lastUpdateTimeNanos=111021123333574}
[cluster-ClusterId{value='63459f6f3c3ae56f43bcac3f', description='null'}-ac-5bfewms-shard-00-02.blxcxzn.mongodb.net:27017] INFO org.mongodb.driver.cluster - Setting max election id to 7fffffff0000000000000056 from replica set primary ac-5bfewms-shard-00-02.blxcxzn.mongodb.net:27017
[cluster-ClusterId{value='63459f6f3c3ae56f43bcac3f', description='null'}-ac-5bfewms-shard-00-02.blxcxzn.mongodb.net:27017] INFO org.mongodb.driver.cluster - Setting max set version to 7 from replica set primary ac-5bfewms-shard-00-02.blxcxzn.mongodb.net:27017
[cluster-ClusterId{value='63459f6f3c3ae56f43bcac3f', description='null'}-ac-5bfewms-shard-00-02.blxcxzn.mongodb.net:27017] INFO org.mongodb.driver.cluster - Discovered replica set primary ac-5bfewms-shard-00-02.blxcxzn.mongodb.net:27017
[Test worker] INFO org.mongodb.driver.connection - Opened connection [connectionId{localValue:56, serverValue:164320}] to ac-5bfewms-shard-00-02.blxcxzn.mongodb.net:27017
[Test worker] INFO org.mongodb.driver.client - MongoClient with metadata {"driver": {"name": "mongo-java-driver|sync|kmongo", "version": "4.7.1"}, "os": {"type": "Linux", "name": "Linux", "architecture": "amd64", "version": "5.19.13-200.fc36.x86_64"}, "platform": "Java/Amazon.com Inc./16.0.2+7|Kotlin/1.7.10"} created with settings MongoClientSettings{readPreference=primary, writeConcern=WriteConcern{w=null, wTimeout=null ms, journal=null}, retryWrites=true, retryReads=true, readConcern=ReadConcern{level=null}, credential=MongoCredential{mechanism=null, userName='bryan', source='admin', password=<hidden>, mechanismProperties=<hidden>}, streamFactoryFactory=null, commandListeners=[], codecRegistry=ProvidersCodecRegistry{codecProviders=[OverridableUuidRepresentationCodecRegistry{wrapped=ProvidersCodecRegistry{codecProviders=[ValueCodecProvider{}, BsonValueCodecProvider{}, DBRefCodecProvider{}, DBObjectCodecProvider{}, DocumentCodecProvider{}, IterableCodecProvider{}, MapCodecProvider{}, GeoJsonCodecProvider{}, GridFSFileCodecProvider{}, Jsr310CodecProvider{}, JsonObjectCodecProvider{}, BsonCodecProvider{}]}, uuidRepresentation=UNSPECIFIED}, org.litote.kmongo.service.CustomCodecProvider@cc239ba, ProvidersCodecRegistry{codecProviders=[org.litote.kmongo.jackson.JacksonCodecProvider@7d37f1c]}]}, clusterSettings={hosts=[127.0.0.1:27017], srvHost=coachr-client-db.blxcxzn.mongodb.net, srvServiceName=mongodb, mode=MULTIPLE, requiredClusterType=REPLICA_SET, requiredReplicaSetName='atlas-6hdzur-shard-0', serverSelector='null', clusterListeners='[]', serverSelectionTimeout='30000 ms', localThreshold='30000 ms'}, socketSettings=SocketSettings{connectTimeoutMS=10000, readTimeoutMS=0, receiveBufferSize=0, sendBufferSize=0}, heartbeatSocketSettings=SocketSettings{connectTimeoutMS=10000, readTimeoutMS=10000, receiveBufferSize=0, sendBufferSize=0}, connectionPoolSettings=ConnectionPoolSettings{maxSize=100, minSize=0, maxWaitTimeMS=120000, maxConnectionLifeTimeMS=0, maxConnectionIdleTimeMS=0, maintenanceInitialDelayMS=0, maintenanceFrequencyMS=60000, connectionPoolListeners=[], maxConnecting=2}, serverSettings=Se
[...]
[Test worker] INFO org.mongodb.driver.connection - Opened connection [connectionId{localValue:77, serverValue:164301}] to ac-5bfewms-shard-00-02.blxcxzn.mongodb.net:27017
[Test worker] INFO org.mongodb.driver.client - MongoClient with metadata {"driver": {"name": "mongo-java-driver|sync|kmongo", "version": "4.7.1"}, "os": {"type": "Linux", "name": "Linux", "architecture": "amd64", "version": "5.19.13-200.fc36.x86_64"}, "platform": "Java/Amazon.com Inc./16.0.2+7|Kotlin/1.7.10"} created with settings MongoClientSettings{readPreference=primary, writeConcern=WriteConcern{w=null, wTimeout=null ms, journal=null}, retryWrites=true, retryReads=true, readConcern=ReadConcern{level=null}, credential=MongoCredential{mechanism=null, userName='bryan', source='admin', password=<hidden>, mechanismProperties=<hidden>}, streamFactoryFactory=null, commandListeners=[], codecRegistry=ProvidersCodecRegistry{codecProviders=[OverridableUuidRepresentationCodecRegistry{wrapped=ProvidersCodecRegistry{codecProviders=[ValueCodecProvider{}, BsonValueCodecProvider{}, DBRefCodecProvider{}, DBObjectCodecProvider{}, DocumentCodecProvider{}, IterableCodecProvider{}, MapCodecProvider{}, GeoJsonCodecProvider{}, GridFSFileCodecProvider{}, Jsr310CodecProvider{}, JsonObjectCodecProvider{}, BsonCodecProvider{}]}, uuidRepresentation=UNSPECIFIED}, org.litote.kmongo.service.CustomCodecProvider@cc239ba, ProvidersCodecRegistry{codecProviders=[org.litote.kmongo.jackson.JacksonCodecProvider@7d37f1c]}]}, clusterSettings={hosts=[127.0.0.1:27017], srvHost=coachr-client-db.blxcxzn.mongodb.net, srvServiceName=mongodb, mode=MULTIPLE, requiredClusterType=REPLICA_SET, requiredReplicaSetName='atlas-6hdzur-shard-0', serverSelector='null', clusterListeners='[]', serverSelectionTimeout='30000 ms', localThreshold='30000 ms'}, socketSettings=SocketSettings{connectTimeoutMS=10000, readTimeoutMS=0, receiveBufferSize=0, sendBufferSize=0}, heartbeatSocketSettings=SocketSettings{connectTimeoutMS=10000, readTimeoutMS=10000, receiveBufferSize=0, sendBufferSize=0}, connectionPoolSettings=ConnectionPoolSettings{maxSize=100, minSize=0, maxWaitTimeMS=120000, maxConnectionLifeTimeMS=0, maxConnectionIdleTimeMS=0, maintenanceInitialDelayMS=0, maintenanceFrequencyMS=60000, connectionPoolListeners=[], maxConnecting=2}, serverSettings=ServerSettings{heartbeatFrequencyMS=10000, minHeartbeatFrequencyMS=500, serverListeners='[]', serverMonitorListeners='[]'}, sslSettings=SslSettings{enabled=true, invalidHostNameAllowed=false, context=null}, applicationName='null', compressorList=[], uuidRepresentation=UNSPECIFIED, serverApi=null, autoEncryptionSettings=null, contextProvider=null}
[cluster-ClusterId{value='63459f763c3ae56f43bcac43', description='null'}-srv-coachr-client-db.blxcxzn.mongodb.net] INFO org.mongodb.driver.cluster - Adding discovered server ac-5bfewms-shard-00-02.blxcxzn.mongodb.net:27017 to client view of cluster
[cluster-ClusterId{value='63459f763c3ae56f43bcac43', description='null'}-srv-coachr-client-db.blxcxzn.mongodb.net] INFO org.mongodb.driver.cluster - Adding discovered server ac-5bfewms-shard-00-01.blxcxzn.mongodb.net:27017 to client view of cluster
[cluster-ClusterId{value='63459f763c3ae56f43bcac43', description='null'}-srv-coachr-client-db.blxcxzn.mongodb.net] INFO org.mongodb.driver.cluster - Adding discovered server ac-5bfewms-shard-00-00.blxcxzn.mongodb.net:27017 to client view of cluster
[cluster-ClusterId{value='63459f763c3ae56f43bcac43', description='null'}-ac-5bfewms-shard-00-02.blxcxzn.mongodb.net:27017] INFO org.mongodb.driver.connection - Opened connection [connectionId{localValue:78, serverValue:164276}] to ac-5bfewms-shard-00-02.blxcxzn.mongodb.net:27017
[cluster-ClusterId{value='63459f763c3ae56f43bcac43', description='null'}-ac-5bfewms-shard-00-02.blxcxzn.mongodb.net:27017] INFO org.mongodb.driver.cluster - Monitor thread successfully connected to server with description ServerDescription{address=ac-5bfewms-shard-00-02.blxcxzn.mongodb.net:27017, type=REPLICA_SET_PRIMARY, state=CONNECTED, ok=true, minWireVersion=0, maxWireVersion=13, maxDocumentSize=16777216, logicalSessionTimeoutMinutes=30, roundTripTimeNanos=19039457, setName='atlas-6hdzur-shard-0', canonicalAddress=ac-5bfewms-shard-00-02.blxcxzn.mongodb.net:27017, hosts=[ac-5bfewms-shard-00-00.blxcxzn.mongodb.net:27017, ac-5bfewms-shard-00-01.blxcxzn.mongodb.net:27017, ac-5bfewms-shard-00-02.blxcxzn.mongodb.net:27017], passives=[], arbiters=[], primary='ac-5bfewms-shard-00-02.blxcxzn.mongodb.net:27017', tagSet=TagSet{[Tag{name='nodeType', value='ELECTABLE'}, Tag{name='provider', value='AWS'}, Tag{name='region', value='EU_WEST_1'}, Tag{name='workloadType', value='OPERATIONAL'}]}, electionId=7fffffff0000000000000056, setVersion=7, topologyVersion=TopologyVersion{processId=633c35123507a642fa1fa1a2, counter=6}, lastWriteDate=Tue Oct 11 17:53:10 IST 2022, lastUpdateTimeNanos=111027670702233}
[cluster-ClusterId{value='63459f763c3ae56f43bcac43', description='null'}-ac-5bfewms-shard-00-02.blxcxzn.mongodb.net:27017] INFO org.mongodb.driver.cluster - Setting max election id to 7fffffff0000000000000056 from replica set primary ac-5bfewms-shard-00-02.blxcxzn.mongodb.net:27017
[cluster-ClusterId{value='63459f763c3ae56f43bcac43', description='null'}-ac-5bfewms-shard-00-02.blxcxzn.mongodb.net:27017] INFO org.mongodb.driver.cluster - Setting max set version to 7 from replica set primary ac-5bfewms-shard-00-02.blxcxzn.mongodb.net:27017
[cluster-ClusterId{value='63459f763c3ae56f43bcac43', description='null'}-ac-5bfewms-shard-00-02.blxcxzn.mongodb.net:27017] INFO org.mongodb.driver.cluster - Discovered replica set primary ac-5bfewms-shard-00-02.blxcxzn.mongodb.net:27017
[cluster-rtt-ClusterId{value='63459f763c3ae56f43bcac43', description='null'}-ac-5bfewms-shard-00-00.blxcxzn.mongodb.net:27017] INFO org.mongodb.driver.connection - Opened connection [connectionId{localValue:83, serverValue:163472}] to ac-5bfewms-shard-00-00.blxcxzn.mongodb.net:27017
[cluster-rtt-ClusterId{value='63459f763c3ae56f43bcac43', description='null'}-ac-5bfewms-shard-00-02.blxcxzn.mongodb.net:27017] INFO org.mongodb.driver.connection - Opened connection [connectionId{localValue:79, serverValue:164260}] to ac-5bfewms-shard-00-02.blxcxzn.mongodb.net:27017
[cluster-ClusterId{value='63459f763c3ae56f43bcac43', description='null'}-ac-5bfewms-shard-00-00.blxcxzn.mongodb.net:27017] INFO org.mongodb.driver.connection - Opened connection [connectionId{localValue:82, serverValue:163472}] to ac-5bfewms-shard-00-00.blxcxzn.mongodb.net:27017
[cluster-ClusterId{value='63459f763c3ae56f43bcac43', description='null'}-ac-5bfewms-shard-00-00.blxcxzn.mongodb.net:27017] INFO org.mongodb.driver.cluster - Monitor thread successfully connected to server with description ServerDescription{address=ac-5bfewms-shard-00-00.blxcxzn.mongodb.net:27017, type=REPLICA_SET_SECONDARY, state=CONNECTED, ok=true, minWireVersion=0, maxWireVersion=13, maxDocumentSize=16777216, logicalSessionTimeoutMinutes=30, roundTripTimeNanos=49129517, setName='atlas-6hdzur-shard-0', canonicalAddress=ac-5bfewms-shard-00-00.blxcxzn.mongodb.net:27017, hosts=[ac-5bfewms-shard-00-00.blxcxzn.mongodb.net:27017, ac-5bfewms-shard-00-01.blxcxzn.mongodb.net:27017, ac-5bfewms-shard-00-02.blxcxzn.mongodb.net:27017], passives=[], arbiters=[], primary='ac-5bfewms-shard-00-02.blxcxzn.mongodb.net:27017', tagSet=TagSet{[Tag{name='nodeType', value='ELECTABLE'}, Tag{name='provider', value='AWS'}, Tag{name='region', value='EU_WEST_1'}, Tag{name='workloadType', value='OPERATIONAL'}]}, electionId=null, setVersion=7, topologyVersion=TopologyVersion{processId=633c34c08aae8d2d02d0a4c3, counter=4}, lastWriteDate=Tue Oct 11 17:53:10 IST 2022, lastUpdateTimeNanos=111027701836955}
[cluster-ClusterId{value='63459f763c3ae56f43bcac43', description='null'}-ac-5bfewms-shard-00-01.blxcxzn.mongodb.net:27017] INFO org.mongodb.driver.connection - Opened connection [connectionId{localValue:80, serverValue:163356}] to ac-5bfewms-shard-00-01.blxcxzn.mongodb.net:27017
[cluster-ClusterId{value='63459f763c3ae56f43bcac43', description='null'}-ac-5bfewms-shard-00-01.blxcxzn.mongodb.net:27017] INFO org.mongodb.driver.cluster - Monitor thread successfully connected to server with description ServerDescription{address=ac-5bfewms-shard-00-01.blxcxzn.mongodb.net:27017, type=REPLICA_SET_SECONDARY, state=CONNECTED, ok=true, minWireVersion=0, maxWireVersion=13, maxDocumentSize=16777216, logicalSessionTimeoutMinutes=30, roundTripTimeNanos=61235642, setName='atlas-6hdzur-shard-0', canonicalAddress=ac-5bfewms-shard-00-01.blxcxzn.mongodb.net:27017, hosts=[ac-5bfewms-shard-00-00.blxcxzn.mongodb.net:27017, ac-5bfewms-shard-00-01.blxcxzn.mongodb.net:27017, ac-5bfewms-shard-00-02.blxcxzn.mongodb.net:27017], passives=[], arbiters=[], primary='ac-5bfewms-shard-00-02.blxcxzn.mongodb.net:27017', tagSet=TagSet{[Tag{name='nodeType', value='ELECTABLE'}, Tag{name='provider', value='AWS'}, Tag{name='region', value='EU_WEST_1'}, Tag{name='workloadType', value='OPERATIONAL'}]}, electionId=null, setVersion=7, topologyVersion=TopologyVersion{processId=633c3565365488d3ed6b008e, counter=3}, lastWriteDate=Tue Oct 11 17:53:10 IST 2022, lastUpdateTimeNanos=111027712180963}
[cluster-rtt-ClusterId{value='63459f763c3ae56f43bcac43', description='null'}-ac-5bfewms-shard-00-01.blxcxzn.mongodb.net:27017] INFO org.mongodb.driver.connection - Opened connection [connectionId{localValue:81, serverValue:163356}] to ac-5bfewms-shard-00-01.blxcxzn.mongodb.net:27017
[Test worker] INFO org.mongodb.driver.connection - Opened connection [connectionId{localValue:84, serverValue:164302}] to ac-5bfewms-shard-00-02.blxcxzn.mongodb.net:27017
[Test worker] INFO org.mongodb.driver.client - MongoClient with metadata {"driver": {"name": "mongo-java-driver|sync|kmongo", "version": "4.7.1"}, "os": {"type": "Linux", "name": "Linux", "architecture": "amd64", "version": "5.19.13-200.fc36.x86_64"}, "platform": "Java/Amazon.com Inc./16.0.2+7|Kotlin/1.7.10"} created with settings MongoClientSettings{readPreference=primary, writeConcern=WriteConcern{w=null, wTimeout=null ms, journal=null}, retryWrites=true, retryReads=true, readConcern=ReadConcern{level=null}, credential=MongoCredential{mechanism=null, userName='bryan', source='admin', password=<hidden>, mechanismProperties=<hidden>}, streamFactoryFactory=null, commandListeners=[], codecRegistry=ProvidersCodecRegistry{codecProviders=[OverridableUuidRepresentationCodecRegistry{wrapped=ProvidersCodecRegistry{codecProviders=[ValueCodecProvider{}, BsonValueCodecProvider{}, DBRefCodecProvider{}, DBObjectCodecProvider{}, DocumentCodecProvider{}, IterableCodecProvider{}, MapCodecProvider{}, GeoJsonCodecProvider{}, GridFSFileCodecProvider{}, Jsr310CodecProvider{}, JsonObjectCodecProvider{}, BsonCodecProvider{}]}, uuidRepresentation=UNSPECIFIED}, org.litote.kmongo.service.CustomCodecProvider@cc239ba, ProvidersCodecRegistry{codecProviders=[org.litote.kmongo.jackson.JacksonCodecProvider@7d37f1c]}]}, clusterSettings={hosts=[127.0.0.1:27017], srvHost=coachr-client-db.blxcxzn.mongodb.net, srvServiceName=mongodb, mode=MULTIPLE, requiredClusterType=REPLICA_SET, requiredReplicaSetName='atlas-6hdzur-shard-0', serverSelector='null', clusterListeners='[]', serverSelectionTimeout='30000 ms', localThreshold='30000 ms'}, socketSettings=SocketSettings{connectTimeoutMS=10000, readTimeoutMS=0, receiveBufferSize=0, sendBufferSize=0}, heartbeatSocketSettings=SocketSettings{connectTimeoutMS=10000, readTimeoutMS=10000, receiveBufferSize=0, sendBufferSize=0}, connectionPoolSettings=ConnectionPoolSettings{maxSize=100, minSize=0, maxWaitTimeMS=120000, maxConnectionLifeTimeMS=0, maxConnectionIdleTimeMS=0, maintenanceInitialDelayMS=0, maintenanceFrequencyMS=60000, connectionPoolListeners=[], maxConnecting=2}, serverSettings=ServerSettings{heartbeatFrequencyMS=10000, minHeartbeatFrequencyMS=500, serverListeners='[]', serverMonitorListeners='[]'}, sslSettings=SslSettings{enabled=true, invalidHostNameAllowed=false, context=null}, applicationName='null', compressorList=[], uuidRepresentation=UNSPECIFIED, serverApi=null, autoEncryptionSettings=null, contextProvider=null}
[cluster-ClusterId{value='63459f783c3ae56f43bcac44', description='null'}-srv-coachr-client-db.blxcxzn.mongodb.net] INFO org.mongodb.driver.cluster - Adding discovered server ac-5bfewms-shard-00-02.blxcxzn.mongodb.net:27017 to client view of cluster
[cluster-ClusterId{value='63459f783c3ae56f43bcac44', description='null'}-srv-coachr-client-db.blxcxzn.mongodb.net] INFO org.mongodb.driver.cluster - Adding discovered server ac-5bfewms-shard-00-01.blxcxzn.mongodb.net:27017 to client view of cluster
[cluster-ClusterId{value='63459f783c3ae56f43bcac44', description='null'}-srv-coachr-client-db.blxcxzn.mongodb.net] INFO org.mongodb.driver.cluster - Adding discovered server ac-5bfewms-shard-00-00.blxcxzn.mongodb.net:27017 to client view of cluster
[cluster-ClusterId{value='63459f783c3ae56f43bcac44', description='null'}-ac-5bfewms-shard-00-02.blxcxzn.mongodb.net:27017] INFO org.mongodb.driver.connection - Opened connection [connectionId{localValue:85, serverValue:164168}] to ac-5bfewms-shard-00-02.blxcxzn.mongodb.net:27017
[cluster-ClusterId{value='63459f783c3ae56f43bcac44', description='null'}-ac-5bfewms-shard-00-02.blxcxzn.mongodb.net:27017] INFO org.mongodb.driver.cluster - Monitor thread successfully connected to server with description ServerDescription{address=ac-5bfewms-shard-00-02.blxcxzn.mongodb.net:27017, type=REPLICA_SET_PRIMARY, state=CONNECTED, ok=true, minWireVersion=0, maxWireVersion=13, maxDocumentSize=16777216, logicalSessionTimeoutMinutes=30, roundTripTimeNanos=25706335, setName='atlas-6hdzur-shard-0', canonicalAddress=ac-5bfewms-shard-00-02.blxcxzn.mongodb.net:27017, hosts=[ac-5bfewms-shard-00-00.blxcxzn.mongodb.net:27017, ac-5bfewms-shard-00-01.blxcxzn.mongodb.net:27017, ac-5bfewms-shard-00-02.blxcxzn.mongodb.net:27017], passives=[], arbiters=[], primary='ac-5bfewms-shard-00-02.blxcxzn.mongodb.net:27017', tagSet=TagSet{[Tag{name='nodeType', value='ELECTABLE'}, Tag{name='provider', value='AWS'}, Tag{name='region', value='EU_WEST_1'}, Tag{name='workloadType', value='OPERATIONAL'}]}, electionId=7fffffff0000000000000056, setVersion=7, topologyVersion=TopologyVersion{processId=633c35123507a642fa1fa1a2, counter=6}, lastWriteDate=Tue Oct 11 17:53:12 IST 2022, lastUpdateTimeNanos=111029347950032}
[cluster-ClusterId{value='63459f783c3ae56f43bcac44', description='null'}-ac-5bfewms-shard-00-02.blxcxzn.mongodb.net:27017] INFO org.mongodb.driver.cluster - Setting max election id to 7fffffff0000000000000056 from replica set primary ac-5bfewms-shard-00-02.blxcxzn.mongodb.net:27017
[cluster-ClusterId{value='63459f783c3ae56f43bcac44', description='null'}-ac-5bfewms-shard-00-02.blxcxzn.mongodb.net:27017] INFO org.mongodb.driver.cluster - Setting max set version to 7 from replica set primary ac-5bfewms-shard-00-02.blxcxzn.mongodb.net:27017
[cluster-ClusterId{value='63459f783c3ae56f43bcac44', description='null'}-ac-5bfewms-shard-00-02.blxcxzn.mongodb.net:27017] INFO org.mongodb.driver.cluster - Discovered replica set primary ac-5bfewms-shard-00-02.blxcxzn.mongodb.net:27017
[cluster-rtt-ClusterId{value='63459f783c3ae56f43bcac44', description='null'}-ac-5bfewms-shard-00-01.blxcxzn.mongodb.net:27017] INFO org.mongodb.driver.connection - Opened connection [connectionId{localValue:88, serverValue:163356}] to ac-5bfewms-shard-00-01.blxcxzn.mongodb.net:27017
[cluster-ClusterId{value='63459f783c3ae56f43bcac44', description='null'}-ac-5bfewms-shard-00-01.blxcxzn.mongodb.net:27017] INFO org.mongodb.driver.connection - Opened connection [connectionId{localValue:87, serverValue:163356}] to ac-5bfewms-shard-00-01.blxcxzn.mongodb.net:27017
[cluster-ClusterId{value='63459f783c3ae56f43bcac44', description='null'}-ac-5bfewms-shard-00-01.blxcxzn.mongodb.net:27017] INFO org.mongodb.driver.cluster - Monitor thread successfully connected to server with description ServerDescription{address=ac-5bfewms-shard-00-01.blxcxzn.mongodb.net:27017, type=REPLICA_SET_SECONDARY, state=CONNECTED, ok=true, minWireVersion=0, maxWireVersion=13, maxDocumentSize=16777216, logicalSessionTimeoutMinutes=30, roundTripTimeNanos=37556260, setName='atlas-6hdzur-shard-0', canonicalAddress=ac-5bfewms-shard-00-01.blxcxzn.mongodb.net:27017, hosts=[ac-5bfewms-shard-00-00.blxcxzn.mongodb.net:27017, ac-5bfewms-shard-00-01.blxcxzn.mongodb.net:27017, ac-5bfewms-shard-00-02.blxcxzn.mongodb.net:27017], passives=[], arbiters=[], primary='ac-5bfewms-shard-00-02.blxcxzn.mongodb.net:27017', tagSet=TagSet{[Tag{name='nodeType', value='ELECTABLE'}, Tag{name='provider', value='AWS'}, Tag{name='region', value='EU_WEST_1'}, Tag{name='workloadType', value='OPERATIONAL'}]}, electionId=null, setVersion=7, topologyVersion=TopologyVersion{processId=633c3565365488d3ed6b008e, counter=3}, lastWriteDate=Tue Oct 11 17:53:12 IST 2022, lastUpdateTimeNanos=111029359804078}
[cluster-ClusterId{value='63459f783c3ae56f43bcac44', description='null'}-ac-5bfewms-shard-00-00.blxcxzn.mongodb.net:27017] INFO org.mongodb.driver.connection - Opened connection [connectionId{localValue:89, serverValue:163473}] to ac-5bfewms-shard-00-00.blxcxzn.mongodb.net:27017
[cluster-ClusterId{value='63459f783c3ae56f43bcac44', description='null'}-ac-5bfewms-shard-00-00.blxcxzn.mongodb.net:27017] INFO org.mongodb.driver.cluster - Monitor thread successfully connected to server with description ServerDescription{address=ac-5bfewms-shard-00-00.blxcxzn.mongodb.net:27017, type=REPLICA_SET_SECONDARY, state=CONNECTED, ok=true, minWireVersion=0, maxWireVersion=13, maxDocumentSize=16777216, logicalSessionTimeoutMinutes=30, roundTripTimeNanos=33051187, setName='atlas-6hdzur-shard-0', canonicalAddress=ac-5bfewms-shard-00-00.blxcxzn.mongodb.net:27017, hosts=[ac-5bfewms-shard-00-00.blxcxzn.mongodb.net:27017, ac-5bfewms-shard-00-01.blxcxzn.mongodb.net:27017, ac-5bfewms-shard-00-02.blxcxzn.mongodb.net:27017], passives=[], arbiters=[], primary='ac-5bfewms-shard-00-02.blxcxzn.mongodb.net:27017', tagSet=TagSet{[Tag{name='nodeType', value='ELECTABLE'}, Tag{name='provider', value='AWS'}, Tag{name='region', value='EU_WEST_1'}, Tag{name='workloadType', value='OPERATIONAL'}]}, electionId=null, setVersion=7, topologyVersion=TopologyVersion{processId=633c34c08aae8d2d02d0a4c3, counter=4}, lastWriteDate=Tue Oct 11 17:53:12 IST 2022, lastUpdateTimeNanos=111029368152718}
[cluster-rtt-ClusterId{value='63459f783c3ae56f43bcac44', description='null'}-ac-5bfewms-shard-00-02.blxcxzn.mongodb.net:27017] INFO org.mongodb.driver.connection - Opened connection [connectionId{localValue:86, serverValue:164327}] to ac-5bfewms-shard-00-02.blxcxzn.mongodb.net:27017
[cluster-rtt-ClusterId{value='63459f783c3ae56f43bcac44', description='null'}-ac-5bfewms-shard-00-00.blxcxzn.mongodb.net:27017] INFO org.mongodb.driver.connection - Opened connection [connectionId{localValue:90, serverValue:163471}] to ac-5bfewms-shard-00-00.blxcxzn.mongodb.net:27017
[Test worker] INFO org.mongodb.driver.connection - Opened connection [connectionId{localValue:91, serverValue:164357}] to ac-5bfewms-shard-00-02.blxcxzn.mongodb.net:27017
]]></system-err>
</testsuite>
